ARM GAS  C:\Users\Kojo\AppData\Local\Temp\ccPadc5g.s 			page 1


   1              		.syntax unified
   2              		.cpu cortex-m3
   3              		.fpu softvfp
   4              		.eabi_attribute 20, 1
   5              		.eabi_attribute 21, 1
   6              		.eabi_attribute 23, 3
   7              		.eabi_attribute 24, 1
   8              		.eabi_attribute 25, 1
   9              		.eabi_attribute 26, 1
  10              		.eabi_attribute 30, 6
  11              		.eabi_attribute 18, 4
  12              		.thumb
  13              		.file	"cyfitter_cfg.c"
  14              		.section	.debug_abbrev,"",%progbits
  15              	.Ldebug_abbrev0:
  16              		.section	.debug_info,"",%progbits
  17              	.Ldebug_info0:
  18              		.section	.debug_line,"",%progbits
  19              	.Ldebug_line0:
  20 0000 21010000 		.text
  20      02006400 
  20      00000201 
  20      FB0E0D00 
  20      01010101 
  21              	.Ltext0:
  22              		.cfi_sections	.debug_frame
  23              		.section	.text.CyClockStartupError,"ax",%progbits
  24              		.align	2
  25              		.thumb
  26              		.thumb_func
  27              		.type	CyClockStartupError, %function
  28              	CyClockStartupError:
  29              	.LFB0:
  30              		.file 1 ".\\Generated_Source\\PSoC5\\cyfitter_cfg.c"
   1:.\Generated_Source\PSoC5/cyfitter_cfg.c **** /*******************************************************************************
   2:.\Generated_Source\PSoC5/cyfitter_cfg.c **** * FILENAME: cyfitter_cfg.c
   3:.\Generated_Source\PSoC5/cyfitter_cfg.c **** * PSoC Creator 2.1 SP1
   4:.\Generated_Source\PSoC5/cyfitter_cfg.c **** *
   5:.\Generated_Source\PSoC5/cyfitter_cfg.c **** * Description:
   6:.\Generated_Source\PSoC5/cyfitter_cfg.c **** * This file is automatically generated by PSoC Creator with device 
   7:.\Generated_Source\PSoC5/cyfitter_cfg.c **** * initialization code.  Except for the user defined sections in
   8:.\Generated_Source\PSoC5/cyfitter_cfg.c **** * CyClockStartupError(), this file should not be modified.
   9:.\Generated_Source\PSoC5/cyfitter_cfg.c **** *
  10:.\Generated_Source\PSoC5/cyfitter_cfg.c **** ********************************************************************************
  11:.\Generated_Source\PSoC5/cyfitter_cfg.c **** * Copyright 2012, Cypress Semiconductor Corporation.  All rights reserved.
  12:.\Generated_Source\PSoC5/cyfitter_cfg.c **** * You may use this file only in accordance with the license, terms, conditions, 
  13:.\Generated_Source\PSoC5/cyfitter_cfg.c **** * disclaimers, and limitations in the end user license agreement accompanying 
  14:.\Generated_Source\PSoC5/cyfitter_cfg.c **** * the software package with which this file was provided.
  15:.\Generated_Source\PSoC5/cyfitter_cfg.c **** ********************************************************************************/
  16:.\Generated_Source\PSoC5/cyfitter_cfg.c **** 
  17:.\Generated_Source\PSoC5/cyfitter_cfg.c **** #include <string.h>
  18:.\Generated_Source\PSoC5/cyfitter_cfg.c **** #include <cytypes.h>
  19:.\Generated_Source\PSoC5/cyfitter_cfg.c **** #include <cydevice_trm.h>
  20:.\Generated_Source\PSoC5/cyfitter_cfg.c **** #include <cyfitter.h>
  21:.\Generated_Source\PSoC5/cyfitter_cfg.c **** #include <CyLib.h>
  22:.\Generated_Source\PSoC5/cyfitter_cfg.c **** #include <cyfitter_cfg.h>
  23:.\Generated_Source\PSoC5/cyfitter_cfg.c **** 
ARM GAS  C:\Users\Kojo\AppData\Local\Temp\ccPadc5g.s 			page 2


  24:.\Generated_Source\PSoC5/cyfitter_cfg.c **** /* Clock startup error codes                                                   */
  25:.\Generated_Source\PSoC5/cyfitter_cfg.c **** #define CYCLOCKSTART_NO_ERROR    0
  26:.\Generated_Source\PSoC5/cyfitter_cfg.c **** #define CYCLOCKSTART_XTAL_ERROR  1
  27:.\Generated_Source\PSoC5/cyfitter_cfg.c **** #define CYCLOCKSTART_32KHZ_ERROR 2
  28:.\Generated_Source\PSoC5/cyfitter_cfg.c **** #define CYCLOCKSTART_PLL_ERROR   3
  29:.\Generated_Source\PSoC5/cyfitter_cfg.c **** 
  30:.\Generated_Source\PSoC5/cyfitter_cfg.c **** /*******************************************************************************
  31:.\Generated_Source\PSoC5/cyfitter_cfg.c **** * Function Name: CyClockStartupError
  32:.\Generated_Source\PSoC5/cyfitter_cfg.c **** ********************************************************************************
  33:.\Generated_Source\PSoC5/cyfitter_cfg.c **** * Summary:
  34:.\Generated_Source\PSoC5/cyfitter_cfg.c **** *  If an error is encountered during clock configuration (crystal startup error,
  35:.\Generated_Source\PSoC5/cyfitter_cfg.c **** *  PLL lock error, etc) the system will end up here.  Unless reimplemented by 
  36:.\Generated_Source\PSoC5/cyfitter_cfg.c **** *  the customer, an infinite loop will be encountered.
  37:.\Generated_Source\PSoC5/cyfitter_cfg.c **** *
  38:.\Generated_Source\PSoC5/cyfitter_cfg.c **** * Parameters:  
  39:.\Generated_Source\PSoC5/cyfitter_cfg.c **** *   void
  40:.\Generated_Source\PSoC5/cyfitter_cfg.c **** *
  41:.\Generated_Source\PSoC5/cyfitter_cfg.c **** * Return:
  42:.\Generated_Source\PSoC5/cyfitter_cfg.c **** *   void
  43:.\Generated_Source\PSoC5/cyfitter_cfg.c **** *
  44:.\Generated_Source\PSoC5/cyfitter_cfg.c **** *******************************************************************************/
  45:.\Generated_Source\PSoC5/cyfitter_cfg.c **** #if defined(__GNUC__) || defined(__ARMCC_VERSION)
  46:.\Generated_Source\PSoC5/cyfitter_cfg.c **** __attribute__ ((unused))
  47:.\Generated_Source\PSoC5/cyfitter_cfg.c **** #endif
  48:.\Generated_Source\PSoC5/cyfitter_cfg.c **** static void CyClockStartupError(uint8 errorCode)
  49:.\Generated_Source\PSoC5/cyfitter_cfg.c **** {
  31              		.loc 1 49 0
  32              		.cfi_startproc
  33              		@ args = 0, pretend = 0, frame = 8
  34              		@ frame_needed = 1, uses_anonymous_args = 0
  35              		@ link register save eliminated.
  36 0000 80B4     		push	{r7}
  37              	.LCFI0:
  38              		.cfi_def_cfa_offset 4
  39 0002 83B0     		sub	sp, sp, #12
  40              	.LCFI1:
  41              		.cfi_def_cfa_offset 16
  42 0004 00AF     		add	r7, sp, #0
  43              		.cfi_offset 7, -4
  44              	.LCFI2:
  45              		.cfi_def_cfa_register 7
  46 0006 0346     		mov	r3, r0
  47 0008 FB71     		strb	r3, [r7, #7]
  48              	.L2:
  50:.\Generated_Source\PSoC5/cyfitter_cfg.c ****     /* To remove the compiler warning if errorCode not used.                */
  51:.\Generated_Source\PSoC5/cyfitter_cfg.c ****     errorCode = errorCode;
  52:.\Generated_Source\PSoC5/cyfitter_cfg.c **** 
  53:.\Generated_Source\PSoC5/cyfitter_cfg.c ****     /* `#START CyClockStartupError` */
  54:.\Generated_Source\PSoC5/cyfitter_cfg.c **** 
  55:.\Generated_Source\PSoC5/cyfitter_cfg.c ****     /* If we have a clock startup error (bad MHz crystal, PLL lock, etc)    */
  56:.\Generated_Source\PSoC5/cyfitter_cfg.c ****     /* we will end up here to allow the customer to implement something to  */
  57:.\Generated_Source\PSoC5/cyfitter_cfg.c ****     /* deal with the clock condition.                                       */
  58:.\Generated_Source\PSoC5/cyfitter_cfg.c **** 
  59:.\Generated_Source\PSoC5/cyfitter_cfg.c ****     /* `#END` */
  60:.\Generated_Source\PSoC5/cyfitter_cfg.c **** 
  61:.\Generated_Source\PSoC5/cyfitter_cfg.c ****     /* If nothing else, stop here since the clocks have not started         */
  62:.\Generated_Source\PSoC5/cyfitter_cfg.c ****     /* correctly.                                                           */
ARM GAS  C:\Users\Kojo\AppData\Local\Temp\ccPadc5g.s 			page 3


  63:.\Generated_Source\PSoC5/cyfitter_cfg.c ****     while(1) {}
  49              		.loc 1 63 0
  50 000a FEE7     		b	.L2
  51              		.cfi_endproc
  52              	.LFE0:
  53              		.size	CyClockStartupError, .-CyClockStartupError
  54              		.section	.rodata
  55              		.align	2
  56              		.type	cfg_memset_list, %object
  57              		.size	cfg_memset_list, 48
  58              	cfg_memset_list:
  59 0000 30510040 		.word	1073762608
  60 0004 3000     		.short	48
  61 0006 C0510040 		.4byte	1073762752
  62 000a 1000     		.short	16
  63 000c F0510040 		.word	1073762800
  64 0010 1000     		.short	16
  65 0012 00000140 		.4byte	1073807360
  66 0016 0010     		.short	4096
  67 0018 00140140 		.word	1073812480
  68 001c 0008     		.short	2048
  69 001e 00400140 		.4byte	1073823744
  70 0022 000A     		.short	2560
  71 0024 004C0140 		.word	1073826816
  72 0028 0002     		.short	512
  73 002a 00500140 		.4byte	1073827840
  74 002e 2000     		.short	32
  75              		.section	.text.cfg_write_bytes32,"ax",%progbits
  76              		.align	2
  77              		.thumb
  78              		.thumb_func
  79              		.type	cfg_write_bytes32, %function
  80              	cfg_write_bytes32:
  81              	.LFB1:
  64:.\Generated_Source\PSoC5/cyfitter_cfg.c **** }
  65:.\Generated_Source\PSoC5/cyfitter_cfg.c **** 
  66:.\Generated_Source\PSoC5/cyfitter_cfg.c **** 
  67:.\Generated_Source\PSoC5/cyfitter_cfg.c **** #undef CYCODE
  68:.\Generated_Source\PSoC5/cyfitter_cfg.c **** #undef CYDATA
  69:.\Generated_Source\PSoC5/cyfitter_cfg.c **** #undef CYXDATA
  70:.\Generated_Source\PSoC5/cyfitter_cfg.c **** #undef CYFAR
  71:.\Generated_Source\PSoC5/cyfitter_cfg.c **** #if defined(__GNUC__) || defined(__ARMCC_VERSION)
  72:.\Generated_Source\PSoC5/cyfitter_cfg.c **** 	#define CYCODE
  73:.\Generated_Source\PSoC5/cyfitter_cfg.c **** 	#define CYDATA
  74:.\Generated_Source\PSoC5/cyfitter_cfg.c **** 	#define CYXDATA
  75:.\Generated_Source\PSoC5/cyfitter_cfg.c **** 	#define CYFAR
  76:.\Generated_Source\PSoC5/cyfitter_cfg.c **** 
  77:.\Generated_Source\PSoC5/cyfitter_cfg.c **** 	#define CYPACKED __attribute__ ((packed))
  78:.\Generated_Source\PSoC5/cyfitter_cfg.c **** 	#define CYALIGNED __attribute__ ((aligned))
  79:.\Generated_Source\PSoC5/cyfitter_cfg.c **** 	
  80:.\Generated_Source\PSoC5/cyfitter_cfg.c **** 	#if defined(__ARMCC_VERSION)
  81:.\Generated_Source\PSoC5/cyfitter_cfg.c **** 		#define CY_CFG_MEMORY_BARRIER() __memory_changed()
  82:.\Generated_Source\PSoC5/cyfitter_cfg.c **** 	#else
  83:.\Generated_Source\PSoC5/cyfitter_cfg.c **** 		#define CY_CFG_MEMORY_BARRIER() __sync_synchronize()
  84:.\Generated_Source\PSoC5/cyfitter_cfg.c **** 	#endif
  85:.\Generated_Source\PSoC5/cyfitter_cfg.c **** 	
  86:.\Generated_Source\PSoC5/cyfitter_cfg.c **** 	
ARM GAS  C:\Users\Kojo\AppData\Local\Temp\ccPadc5g.s 			page 4


  87:.\Generated_Source\PSoC5/cyfitter_cfg.c **** 	#define CYMEMZERO(a,c) memset((a),0,(c))
  88:.\Generated_Source\PSoC5/cyfitter_cfg.c **** 	#define CYCONFIGCPY(d,s,c) memcpy((d),(s),(c))
  89:.\Generated_Source\PSoC5/cyfitter_cfg.c **** 	#define CYCONFIGCPYCODE(d,s,c) memcpy((d),(s),(c))
  90:.\Generated_Source\PSoC5/cyfitter_cfg.c **** #else
  91:.\Generated_Source\PSoC5/cyfitter_cfg.c **** 	#error Unsupported toolchain
  92:.\Generated_Source\PSoC5/cyfitter_cfg.c **** #endif
  93:.\Generated_Source\PSoC5/cyfitter_cfg.c **** 
  94:.\Generated_Source\PSoC5/cyfitter_cfg.c **** /* Defines the layout and meaning of each entry in the cfg_memset_list used for clearing registers 
  95:.\Generated_Source\PSoC5/cyfitter_cfg.c **** typedef struct {
  96:.\Generated_Source\PSoC5/cyfitter_cfg.c **** 	void CYFAR *address;
  97:.\Generated_Source\PSoC5/cyfitter_cfg.c **** 	uint16 size;
  98:.\Generated_Source\PSoC5/cyfitter_cfg.c **** } CYPACKED cfg_memset_t;
  99:.\Generated_Source\PSoC5/cyfitter_cfg.c **** 
 100:.\Generated_Source\PSoC5/cyfitter_cfg.c **** /* Defines the layout and meaning of each entry in the cfg_memcpy_list used for initializing regist
 101:.\Generated_Source\PSoC5/cyfitter_cfg.c **** typedef struct {
 102:.\Generated_Source\PSoC5/cyfitter_cfg.c **** 	void CYFAR *dest;
 103:.\Generated_Source\PSoC5/cyfitter_cfg.c **** 	const void CYFAR *src;
 104:.\Generated_Source\PSoC5/cyfitter_cfg.c **** 	uint16 size;
 105:.\Generated_Source\PSoC5/cyfitter_cfg.c **** } CYPACKED cfg_memcpy_t;
 106:.\Generated_Source\PSoC5/cyfitter_cfg.c **** 
 107:.\Generated_Source\PSoC5/cyfitter_cfg.c **** /* Contains the regions of memory that must be set to 0 during configuration */
 108:.\Generated_Source\PSoC5/cyfitter_cfg.c **** #define CFG_MEMSET_COUNT (sizeof(cfg_memset_list)/sizeof(*cfg_memset_list))
 109:.\Generated_Source\PSoC5/cyfitter_cfg.c **** static const cfg_memset_t CYCODE cfg_memset_list [] = {
 110:.\Generated_Source\PSoC5/cyfitter_cfg.c **** 	/* address, size */
 111:.\Generated_Source\PSoC5/cyfitter_cfg.c **** 	{(void CYFAR *)(CYREG_PRT3_DR), 48},
 112:.\Generated_Source\PSoC5/cyfitter_cfg.c **** 	{(void CYFAR *)(CYREG_PRT12_DR), 16},
 113:.\Generated_Source\PSoC5/cyfitter_cfg.c **** 	{(void CYFAR *)(CYREG_PRT15_DR), 16},
 114:.\Generated_Source\PSoC5/cyfitter_cfg.c **** 	{(void CYFAR *)(CYDEV_UCFG_B0_P0_U0_BASE), 4096},
 115:.\Generated_Source\PSoC5/cyfitter_cfg.c **** 	{(void CYFAR *)(CYDEV_UCFG_B1_P2_U0_BASE), 2048},
 116:.\Generated_Source\PSoC5/cyfitter_cfg.c **** 	{(void CYFAR *)(CYDEV_UCFG_DSI0_BASE), 2560},
 117:.\Generated_Source\PSoC5/cyfitter_cfg.c **** 	{(void CYFAR *)(CYDEV_UCFG_DSI12_BASE), 512},
 118:.\Generated_Source\PSoC5/cyfitter_cfg.c **** 	{(void CYFAR *)(CYREG_BCTL0_MDCLK_EN), 32},
 119:.\Generated_Source\PSoC5/cyfitter_cfg.c **** };
 120:.\Generated_Source\PSoC5/cyfitter_cfg.c **** 
 121:.\Generated_Source\PSoC5/cyfitter_cfg.c **** #define CY_CFG_BASE_ADDR_COUNT 27
 122:.\Generated_Source\PSoC5/cyfitter_cfg.c **** typedef struct
 123:.\Generated_Source\PSoC5/cyfitter_cfg.c **** {
 124:.\Generated_Source\PSoC5/cyfitter_cfg.c **** 	uint8 offset;
 125:.\Generated_Source\PSoC5/cyfitter_cfg.c **** 	uint8 value;
 126:.\Generated_Source\PSoC5/cyfitter_cfg.c **** } CYPACKED cy_cfg_addrvalue_t;
 127:.\Generated_Source\PSoC5/cyfitter_cfg.c **** 
 128:.\Generated_Source\PSoC5/cyfitter_cfg.c **** #define cy_cfg_addr_table ((const uint32 CYFAR *)0x48000000)
 129:.\Generated_Source\PSoC5/cyfitter_cfg.c **** #define cy_cfg_data_table ((const cy_cfg_addrvalue_t CYFAR *)0x4800006C)
 130:.\Generated_Source\PSoC5/cyfitter_cfg.c **** 
 131:.\Generated_Source\PSoC5/cyfitter_cfg.c **** /* IOPINS0_0 Address: CYREG_PRT0_DM0 Size (bytes): 8 */
 132:.\Generated_Source\PSoC5/cyfitter_cfg.c **** #define BS_IOPINS0_0_VAL ((const uint8 CYFAR *)0x48000400)
 133:.\Generated_Source\PSoC5/cyfitter_cfg.c **** 
 134:.\Generated_Source\PSoC5/cyfitter_cfg.c **** /* IOPINS0_1 Address: CYREG_PRT1_DM0 Size (bytes): 8 */
 135:.\Generated_Source\PSoC5/cyfitter_cfg.c **** #define BS_IOPINS0_1_VAL ((const uint8 CYFAR *)0x48000408)
 136:.\Generated_Source\PSoC5/cyfitter_cfg.c **** 
 137:.\Generated_Source\PSoC5/cyfitter_cfg.c **** /* IOPINS0_2 Address: CYREG_PRT2_DM0 Size (bytes): 8 */
 138:.\Generated_Source\PSoC5/cyfitter_cfg.c **** #define BS_IOPINS0_2_VAL ((const uint8 CYFAR *)0x48000410)
 139:.\Generated_Source\PSoC5/cyfitter_cfg.c **** 
 140:.\Generated_Source\PSoC5/cyfitter_cfg.c **** /* IOPINS0_6 Address: CYREG_PRT6_DR Size (bytes): 10 */
 141:.\Generated_Source\PSoC5/cyfitter_cfg.c **** #define BS_IOPINS0_6_VAL ((const uint8 CYFAR *)0x48000418)
 142:.\Generated_Source\PSoC5/cyfitter_cfg.c **** 
 143:.\Generated_Source\PSoC5/cyfitter_cfg.c **** /* CYDEV_CLKDIST_ACFG0_CFG0 Address: CYREG_CLKDIST_ACFG0_CFG0 Size (bytes): 4 */
ARM GAS  C:\Users\Kojo\AppData\Local\Temp\ccPadc5g.s 			page 5


 144:.\Generated_Source\PSoC5/cyfitter_cfg.c **** #define BS_CYDEV_CLKDIST_ACFG0_CFG0_VAL ((const uint8 CYFAR *)0x48000424)
 145:.\Generated_Source\PSoC5/cyfitter_cfg.c **** 
 146:.\Generated_Source\PSoC5/cyfitter_cfg.c **** 
 147:.\Generated_Source\PSoC5/cyfitter_cfg.c **** /*******************************************************************************
 148:.\Generated_Source\PSoC5/cyfitter_cfg.c **** * Function Name: cfg_write_bytes32
 149:.\Generated_Source\PSoC5/cyfitter_cfg.c **** ********************************************************************************
 150:.\Generated_Source\PSoC5/cyfitter_cfg.c **** * Summary:
 151:.\Generated_Source\PSoC5/cyfitter_cfg.c **** *  This function is used for setting up the chip configuration areas that 
 152:.\Generated_Source\PSoC5/cyfitter_cfg.c **** *  contain relativly sparse data.
 153:.\Generated_Source\PSoC5/cyfitter_cfg.c **** *
 154:.\Generated_Source\PSoC5/cyfitter_cfg.c **** * Parameters:  
 155:.\Generated_Source\PSoC5/cyfitter_cfg.c **** *   void
 156:.\Generated_Source\PSoC5/cyfitter_cfg.c **** *
 157:.\Generated_Source\PSoC5/cyfitter_cfg.c **** * Return:
 158:.\Generated_Source\PSoC5/cyfitter_cfg.c **** *   void
 159:.\Generated_Source\PSoC5/cyfitter_cfg.c **** *
 160:.\Generated_Source\PSoC5/cyfitter_cfg.c **** *******************************************************************************/
 161:.\Generated_Source\PSoC5/cyfitter_cfg.c **** /* For 32-bit little-endian architectures */
 162:.\Generated_Source\PSoC5/cyfitter_cfg.c **** static void cfg_write_bytes32(void)
 163:.\Generated_Source\PSoC5/cyfitter_cfg.c **** {
  82              		.loc 1 163 0
  83              		.cfi_startproc
  84              		@ args = 0, pretend = 0, frame = 16
  85              		@ frame_needed = 1, uses_anonymous_args = 0
  86              		@ link register save eliminated.
  87 0000 80B4     		push	{r7}
  88              	.LCFI3:
  89              		.cfi_def_cfa_offset 4
  90 0002 85B0     		sub	sp, sp, #20
  91              	.LCFI4:
  92              		.cfi_def_cfa_offset 24
  93 0004 00AF     		add	r7, sp, #0
  94              		.cfi_offset 7, -4
  95              	.LCFI5:
  96              		.cfi_def_cfa_register 7
 164:.\Generated_Source\PSoC5/cyfitter_cfg.c **** 	unsigned int i, j = 0;
  97              		.loc 1 164 0
  98 0006 4FF00003 		mov	r3, #0
  99 000a 7B60     		str	r3, [r7, #4]
 165:.\Generated_Source\PSoC5/cyfitter_cfg.c **** 	for (i = 0; i < CY_CFG_BASE_ADDR_COUNT; i++)
 100              		.loc 1 165 0
 101 000c 4FF00003 		mov	r3, #0
 102 0010 3B60     		str	r3, [r7, #0]
 103 0012 36E0     		b	.L5
 104              	.L8:
 105              	.LBB2:
 166:.\Generated_Source\PSoC5/cyfitter_cfg.c **** 	{
 167:.\Generated_Source\PSoC5/cyfitter_cfg.c **** 		uint32 baseAddr = cy_cfg_addr_table[i];
 106              		.loc 1 167 0
 107 0014 3B68     		ldr	r3, [r7, #0]
 108 0016 4FEA8303 		lsl	r3, r3, #2
 109 001a 03F19043 		add	r3, r3, #1207959552
 110 001e 1B68     		ldr	r3, [r3, #0]
 111 0020 BB60     		str	r3, [r7, #8]
 168:.\Generated_Source\PSoC5/cyfitter_cfg.c **** 		uint8 count = baseAddr & 0xFFu;
 112              		.loc 1 168 0
 113 0022 BB68     		ldr	r3, [r7, #8]
ARM GAS  C:\Users\Kojo\AppData\Local\Temp\ccPadc5g.s 			page 6


 114 0024 FB73     		strb	r3, [r7, #15]
 169:.\Generated_Source\PSoC5/cyfitter_cfg.c **** 		baseAddr &= 0xFFFFFF00u;
 115              		.loc 1 169 0
 116 0026 BB68     		ldr	r3, [r7, #8]
 117 0028 23F0FF03 		bic	r3, r3, #255
 118 002c BB60     		str	r3, [r7, #8]
 170:.\Generated_Source\PSoC5/cyfitter_cfg.c **** 		while (count--)
 119              		.loc 1 170 0
 120 002e 18E0     		b	.L6
 121              	.L7:
 171:.\Generated_Source\PSoC5/cyfitter_cfg.c **** 		{
 172:.\Generated_Source\PSoC5/cyfitter_cfg.c **** 			CY_SET_XTND_REG8((void CYFAR *)(baseAddr + cy_cfg_data_table[j].offset), cy_cfg_data_table[j].va
 122              		.loc 1 172 0
 123 0030 7B68     		ldr	r3, [r7, #4]
 124 0032 4FEA4303 		lsl	r3, r3, #1
 125 0036 03F19043 		add	r3, r3, #1207959552
 126 003a 03F16C03 		add	r3, r3, #108
 127 003e 1B78     		ldrb	r3, [r3, #0]	@ zero_extendqisi2
 128 0040 1A46     		mov	r2, r3
 129 0042 BB68     		ldr	r3, [r7, #8]
 130 0044 1344     		add	r3, r2, r3
 131 0046 1A46     		mov	r2, r3
 132 0048 7B68     		ldr	r3, [r7, #4]
 133 004a 4FEA4303 		lsl	r3, r3, #1
 134 004e 03F19043 		add	r3, r3, #1207959552
 135 0052 03F16C03 		add	r3, r3, #108
 136 0056 5B78     		ldrb	r3, [r3, #1]	@ zero_extendqisi2
 137 0058 1370     		strb	r3, [r2, #0]
 173:.\Generated_Source\PSoC5/cyfitter_cfg.c **** 			j++;
 138              		.loc 1 173 0
 139 005a 7B68     		ldr	r3, [r7, #4]
 140 005c 03F10103 		add	r3, r3, #1
 141 0060 7B60     		str	r3, [r7, #4]
 142              	.L6:
 143              		.loc 1 170 0
 144 0062 FB7B     		ldrb	r3, [r7, #15]	@ zero_extendqisi2
 145 0064 002B     		cmp	r3, #0
 146 0066 0CBF     		ite	eq
 147 0068 0023     		moveq	r3, #0
 148 006a 0123     		movne	r3, #1
 149 006c DBB2     		uxtb	r3, r3
 150 006e FA7B     		ldrb	r2, [r7, #15]
 151 0070 02F1FF32 		add	r2, r2, #-1
 152 0074 FA73     		strb	r2, [r7, #15]
 153 0076 002B     		cmp	r3, #0
 154 0078 DAD1     		bne	.L7
 155              	.LBE2:
 156              		.loc 1 165 0
 157 007a 3B68     		ldr	r3, [r7, #0]
 158 007c 03F10103 		add	r3, r3, #1
 159 0080 3B60     		str	r3, [r7, #0]
 160              	.L5:
 161 0082 3B68     		ldr	r3, [r7, #0]
 162 0084 1A2B     		cmp	r3, #26
 163 0086 C5D9     		bls	.L8
 174:.\Generated_Source\PSoC5/cyfitter_cfg.c **** 		}
 175:.\Generated_Source\PSoC5/cyfitter_cfg.c **** 	}
ARM GAS  C:\Users\Kojo\AppData\Local\Temp\ccPadc5g.s 			page 7


 176:.\Generated_Source\PSoC5/cyfitter_cfg.c **** }
 164              		.loc 1 176 0
 165 0088 07F11407 		add	r7, r7, #20
 166 008c BD46     		mov	sp, r7
 167 008e 80BC     		pop	{r7}
 168 0090 7047     		bx	lr
 169              		.cfi_endproc
 170              	.LFE1:
 171              		.size	cfg_write_bytes32, .-cfg_write_bytes32
 172 0092 00BF     		.section	.text.ClockSetup,"ax",%progbits
 173              		.align	2
 174              		.thumb
 175              		.thumb_func
 176              		.type	ClockSetup, %function
 177              	ClockSetup:
 178              	.LFB2:
 177:.\Generated_Source\PSoC5/cyfitter_cfg.c **** 
 178:.\Generated_Source\PSoC5/cyfitter_cfg.c **** /*******************************************************************************
 179:.\Generated_Source\PSoC5/cyfitter_cfg.c **** * Function Name: ClockSetup
 180:.\Generated_Source\PSoC5/cyfitter_cfg.c **** ********************************************************************************
 181:.\Generated_Source\PSoC5/cyfitter_cfg.c **** *
 182:.\Generated_Source\PSoC5/cyfitter_cfg.c **** * Summary:
 183:.\Generated_Source\PSoC5/cyfitter_cfg.c **** *  Performs the initialization of all of the clocks in the device based on the
 184:.\Generated_Source\PSoC5/cyfitter_cfg.c **** *  settings in the Clock tab of the DWR.  This includes enabling the requested
 185:.\Generated_Source\PSoC5/cyfitter_cfg.c **** *  clocks and setting the necessary dividers to produce the desired frequency. 
 186:.\Generated_Source\PSoC5/cyfitter_cfg.c **** *
 187:.\Generated_Source\PSoC5/cyfitter_cfg.c **** * Parameters:
 188:.\Generated_Source\PSoC5/cyfitter_cfg.c **** *  void
 189:.\Generated_Source\PSoC5/cyfitter_cfg.c **** *
 190:.\Generated_Source\PSoC5/cyfitter_cfg.c **** * Return:
 191:.\Generated_Source\PSoC5/cyfitter_cfg.c **** *  void
 192:.\Generated_Source\PSoC5/cyfitter_cfg.c **** *
 193:.\Generated_Source\PSoC5/cyfitter_cfg.c **** *******************************************************************************/
 194:.\Generated_Source\PSoC5/cyfitter_cfg.c **** static void ClockSetup(void)
 195:.\Generated_Source\PSoC5/cyfitter_cfg.c **** {
 179              		.loc 1 195 0
 180              		.cfi_startproc
 181              		@ args = 0, pretend = 0, frame = 16
 182              		@ frame_needed = 1, uses_anonymous_args = 0
 183 0000 80B5     		push	{r7, lr}
 184              	.LCFI6:
 185              		.cfi_def_cfa_offset 8
 186 0002 84B0     		sub	sp, sp, #16
 187              	.LCFI7:
 188              		.cfi_def_cfa_offset 24
 189 0004 00AF     		add	r7, sp, #0
 190              		.cfi_offset 14, -4
 191              		.cfi_offset 7, -8
 192              	.LCFI8:
 193              		.cfi_def_cfa_register 7
 196:.\Generated_Source\PSoC5/cyfitter_cfg.c **** 	reg32  timeout;
 197:.\Generated_Source\PSoC5/cyfitter_cfg.c **** 	reg32* timeout_p = &timeout;
 194              		.loc 1 197 0
 195 0006 07F10803 		add	r3, r7, #8
 196 000a FB60     		str	r3, [r7, #12]
 198:.\Generated_Source\PSoC5/cyfitter_cfg.c **** 	reg8   pllLock;
 199:.\Generated_Source\PSoC5/cyfitter_cfg.c **** 
ARM GAS  C:\Users\Kojo\AppData\Local\Temp\ccPadc5g.s 			page 8


 200:.\Generated_Source\PSoC5/cyfitter_cfg.c **** 
 201:.\Generated_Source\PSoC5/cyfitter_cfg.c **** 	/* Configure Digital Clocks based on settings from Clock DWR */
 202:.\Generated_Source\PSoC5/cyfitter_cfg.c **** 	CY_SET_XTND_REG24((void CYFAR *)(CYREG_CLKDIST_DCFG0_CFG0), 0x180138);
 197              		.loc 1 202 0
 198 000c 44F28000 		movw	r0, #:lower16:1073758336
 199 0010 C4F20000 		movt	r0, #:upper16:1073758336
 200 0014 40F23811 		movw	r1, #:lower16:1573176
 201 0018 C0F21801 		movt	r1, #:upper16:1573176
 202 001c FFF7FEFF 		bl	CySetReg24
 203:.\Generated_Source\PSoC5/cyfitter_cfg.c **** 
 204:.\Generated_Source\PSoC5/cyfitter_cfg.c **** 	/* Configure Analog Clocks based on settings from Clock DWR */
 205:.\Generated_Source\PSoC5/cyfitter_cfg.c **** 	CYCONFIGCPY((void CYFAR *)(CYREG_CLKDIST_ACFG0_CFG0), (void CYFAR *)(BS_CYDEV_CLKDIST_ACFG0_CFG0_V
 203              		.loc 1 205 0
 204 0020 44F20010 		movw	r0, #:lower16:1073758464
 205 0024 C4F20000 		movt	r0, #:upper16:1073758464
 206 0028 40F22441 		movw	r1, #:lower16:1207960612
 207 002c C4F60001 		movt	r1, #:upper16:1207960612
 208 0030 4FF00402 		mov	r2, #4
 209 0034 FFF7FEFF 		bl	memcpy
 206:.\Generated_Source\PSoC5/cyfitter_cfg.c **** 
 207:.\Generated_Source\PSoC5/cyfitter_cfg.c **** 	/* Configure ILO based on settings from Clock DWR */
 208:.\Generated_Source\PSoC5/cyfitter_cfg.c **** 	CY_SET_XTND_REG8((void CYFAR *)(CYREG_SLOWCLK_ILO_CR0), 0x02);
 210              		.loc 1 208 0
 211 0038 44F20033 		movw	r3, #:lower16:1073758976
 212 003c C4F20003 		movt	r3, #:upper16:1073758976
 213 0040 4FF00202 		mov	r2, #2
 214 0044 1A70     		strb	r2, [r3, #0]
 209:.\Generated_Source\PSoC5/cyfitter_cfg.c **** 	CY_SET_XTND_REG8((void CYFAR *)(CYREG_CLKDIST_CR), 0x08);
 215              		.loc 1 209 0
 216 0046 44F20003 		movw	r3, #:lower16:1073758208
 217 004a C4F20003 		movt	r3, #:upper16:1073758208
 218 004e 4FF00802 		mov	r2, #8
 219 0052 1A70     		strb	r2, [r3, #0]
 210:.\Generated_Source\PSoC5/cyfitter_cfg.c **** 
 211:.\Generated_Source\PSoC5/cyfitter_cfg.c **** 	/* Configure IMO based on settings from Clock DWR */
 212:.\Generated_Source\PSoC5/cyfitter_cfg.c **** 	CY_SET_XTND_REG8((void CYFAR *)(CYREG_FASTCLK_IMO_CR), 0x03);
 220              		.loc 1 212 0
 221 0054 44F20023 		movw	r3, #:lower16:1073758720
 222 0058 C4F20003 		movt	r3, #:upper16:1073758720
 223 005c 4FF00302 		mov	r2, #3
 224 0060 1A70     		strb	r2, [r3, #0]
 213:.\Generated_Source\PSoC5/cyfitter_cfg.c **** 	CY_SET_XTND_REG8((void CYFAR *)(CYREG_IMO_TR1), (CY_GET_XTND_REG8(CYREG_FLSHID_CUST_TABLES_IMO_3MH
 225              		.loc 1 213 0
 226 0062 44F2A163 		movw	r3, #:lower16:1073759905
 227 0066 C4F20003 		movt	r3, #:upper16:1073759905
 228 006a 40F20812 		movw	r2, #:lower16:1224737032
 229 006e C4F60012 		movt	r2, #:upper16:1224737032
 230 0072 1278     		ldrb	r2, [r2, #0]
 231 0074 D2B2     		uxtb	r2, r2
 232 0076 1A70     		strb	r2, [r3, #0]
 214:.\Generated_Source\PSoC5/cyfitter_cfg.c **** 
 215:.\Generated_Source\PSoC5/cyfitter_cfg.c **** 	/* Configure PLL based on settings from Clock DWR */
 216:.\Generated_Source\PSoC5/cyfitter_cfg.c **** 	CY_SET_XTND_REG16((void CYFAR *)(CYREG_FASTCLK_PLL_P), 0x0008);
 233              		.loc 1 216 0
 234 0078 44F22223 		movw	r3, #:lower16:1073758754
 235 007c C4F20003 		movt	r3, #:upper16:1073758754
 236 0080 4FF00802 		mov	r2, #8
ARM GAS  C:\Users\Kojo\AppData\Local\Temp\ccPadc5g.s 			page 9


 237 0084 1A80     		strh	r2, [r3, #0]	@ movhi
 217:.\Generated_Source\PSoC5/cyfitter_cfg.c **** 	CY_SET_XTND_REG16((void CYFAR *)(CYREG_FASTCLK_PLL_CFG0), 0x1051);
 238              		.loc 1 217 0
 239 0086 44F22023 		movw	r3, #:lower16:1073758752
 240 008a C4F20003 		movt	r3, #:upper16:1073758752
 241 008e 41F25102 		movw	r2, #4177
 242 0092 1A80     		strh	r2, [r3, #0]	@ movhi
 218:.\Generated_Source\PSoC5/cyfitter_cfg.c **** 	/* Wait up to 250us for the PLL to lock */
 219:.\Generated_Source\PSoC5/cyfitter_cfg.c **** 	pllLock = 0;
 243              		.loc 1 219 0
 244 0094 4FF00003 		mov	r3, #0
 245 0098 FB71     		strb	r3, [r7, #7]
 220:.\Generated_Source\PSoC5/cyfitter_cfg.c **** 	for (timeout = 250 / 10; *timeout_p && (pllLock != 0x03u); timeout--) { 
 246              		.loc 1 220 0
 247 009a 4FF01903 		mov	r3, #25
 248 009e BB60     		str	r3, [r7, #8]
 249 00a0 1AE0     		b	.L11
 250              	.L13:
 221:.\Generated_Source\PSoC5/cyfitter_cfg.c **** 		pllLock = 0x03u & ((pllLock << 1) | ((CY_GET_XTND_REG8(CYREG_FASTCLK_PLL_SR) & 0x01u) >> 0));
 251              		.loc 1 221 0
 252 00a2 FB79     		ldrb	r3, [r7, #7]
 253 00a4 DBB2     		uxtb	r3, r3
 254 00a6 4FEA4303 		lsl	r3, r3, #1
 255 00aa DAB2     		uxtb	r2, r3
 256 00ac 44F22523 		movw	r3, #:lower16:1073758757
 257 00b0 C4F20003 		movt	r3, #:upper16:1073758757
 258 00b4 1B78     		ldrb	r3, [r3, #0]
 259 00b6 DBB2     		uxtb	r3, r3
 260 00b8 03F00103 		and	r3, r3, #1
 261 00bc 42EA0303 		orr	r3, r2, r3
 262 00c0 DBB2     		uxtb	r3, r3
 263 00c2 03F00303 		and	r3, r3, #3
 264 00c6 FB71     		strb	r3, [r7, #7]
 222:.\Generated_Source\PSoC5/cyfitter_cfg.c **** 		CyDelayCycles(10 * 48); /* Delay 10us based on 48MHz clock */
 265              		.loc 1 222 0
 266 00c8 4FF4F070 		mov	r0, #480
 267 00cc FFF7FEFF 		bl	CyDelayCycles
 268              		.loc 1 220 0
 269 00d0 BB68     		ldr	r3, [r7, #8]
 270 00d2 03F1FF33 		add	r3, r3, #-1
 271 00d6 BB60     		str	r3, [r7, #8]
 272              	.L11:
 273 00d8 FB68     		ldr	r3, [r7, #12]
 274 00da 1B68     		ldr	r3, [r3, #0]
 275 00dc 002B     		cmp	r3, #0
 276 00de 03D0     		beq	.L12
 277 00e0 FB79     		ldrb	r3, [r7, #7]
 278 00e2 DBB2     		uxtb	r3, r3
 279 00e4 032B     		cmp	r3, #3
 280 00e6 DCD1     		bne	.L13
 281              	.L12:
 223:.\Generated_Source\PSoC5/cyfitter_cfg.c **** 	}
 224:.\Generated_Source\PSoC5/cyfitter_cfg.c **** 
 225:.\Generated_Source\PSoC5/cyfitter_cfg.c **** 	/* Configure Bus/Master Clock based on settings from Clock DWR */
 226:.\Generated_Source\PSoC5/cyfitter_cfg.c **** 	CY_SET_XTND_REG16((void CYFAR *)(CYREG_CLKDIST_MSTR0), 0x0100);
 282              		.loc 1 226 0
 283 00e8 44F20403 		movw	r3, #:lower16:1073758212
ARM GAS  C:\Users\Kojo\AppData\Local\Temp\ccPadc5g.s 			page 10


 284 00ec C4F20003 		movt	r3, #:upper16:1073758212
 285 00f0 4FF48072 		mov	r2, #256
 286 00f4 1A80     		strh	r2, [r3, #0]	@ movhi
 227:.\Generated_Source\PSoC5/cyfitter_cfg.c **** 	CY_SET_XTND_REG8((void CYFAR *)(CYREG_CLKDIST_MSTR0), 0x07);
 287              		.loc 1 227 0
 288 00f6 44F20403 		movw	r3, #:lower16:1073758212
 289 00fa C4F20003 		movt	r3, #:upper16:1073758212
 290 00fe 4FF00702 		mov	r2, #7
 291 0102 1A70     		strb	r2, [r3, #0]
 228:.\Generated_Source\PSoC5/cyfitter_cfg.c **** 	CY_SET_XTND_REG8((void CYFAR *)(CYREG_CLKDIST_BCFG0), 0x00);
 292              		.loc 1 228 0
 293 0104 44F20603 		movw	r3, #:lower16:1073758214
 294 0108 C4F20003 		movt	r3, #:upper16:1073758214
 295 010c 4FF00002 		mov	r2, #0
 296 0110 1A70     		strb	r2, [r3, #0]
 229:.\Generated_Source\PSoC5/cyfitter_cfg.c **** 	CY_SET_XTND_REG8((void CYFAR *)(CYREG_CLKDIST_BCFG2), 0x48);
 297              		.loc 1 229 0
 298 0112 44F20803 		movw	r3, #:lower16:1073758216
 299 0116 C4F20003 		movt	r3, #:upper16:1073758216
 300 011a 4FF04802 		mov	r2, #72
 301 011e 1A70     		strb	r2, [r3, #0]
 230:.\Generated_Source\PSoC5/cyfitter_cfg.c **** 	CY_SET_XTND_REG8((void CYFAR *)(CYREG_CLKDIST_MSTR0), 0x00);
 302              		.loc 1 230 0
 303 0120 44F20403 		movw	r3, #:lower16:1073758212
 304 0124 C4F20003 		movt	r3, #:upper16:1073758212
 305 0128 4FF00002 		mov	r2, #0
 306 012c 1A70     		strb	r2, [r3, #0]
 231:.\Generated_Source\PSoC5/cyfitter_cfg.c **** 	CY_SET_XTND_REG8((void CYFAR *)(CYREG_CLKDIST_LD), 0x02);
 307              		.loc 1 231 0
 308 012e 44F20103 		movw	r3, #:lower16:1073758209
 309 0132 C4F20003 		movt	r3, #:upper16:1073758209
 310 0136 4FF00202 		mov	r2, #2
 311 013a 1A70     		strb	r2, [r3, #0]
 232:.\Generated_Source\PSoC5/cyfitter_cfg.c **** 	CY_SET_XTND_REG8((void CYFAR *)(CYREG_CLKDIST_DLY1), 0x04);
 312              		.loc 1 232 0
 313 013c 44F20B03 		movw	r3, #:lower16:1073758219
 314 0140 C4F20003 		movt	r3, #:upper16:1073758219
 315 0144 4FF00402 		mov	r2, #4
 316 0148 1A70     		strb	r2, [r3, #0]
 233:.\Generated_Source\PSoC5/cyfitter_cfg.c **** 
 234:.\Generated_Source\PSoC5/cyfitter_cfg.c **** 	CY_SET_XTND_REG8((void CYFAR *)(CYREG_PM_ACT_CFG2), ((CY_GET_XTND_REG8(CYREG_PM_ACT_CFG2) | 0x01))
 317              		.loc 1 234 0
 318 014a 44F2A233 		movw	r3, #:lower16:1073759138
 319 014e C4F20003 		movt	r3, #:upper16:1073759138
 320 0152 44F2A232 		movw	r2, #:lower16:1073759138
 321 0156 C4F20002 		movt	r2, #:upper16:1073759138
 322 015a 1278     		ldrb	r2, [r2, #0]
 323 015c D2B2     		uxtb	r2, r2
 324 015e 42F00102 		orr	r2, r2, #1
 325 0162 D2B2     		uxtb	r2, r2
 326 0164 1A70     		strb	r2, [r3, #0]
 235:.\Generated_Source\PSoC5/cyfitter_cfg.c **** 	CY_SET_XTND_REG8((void CYFAR *)(CYREG_PM_ACT_CFG1), ((CY_GET_XTND_REG8(CYREG_PM_ACT_CFG1) | 0x01))
 327              		.loc 1 235 0
 328 0166 44F2A133 		movw	r3, #:lower16:1073759137
 329 016a C4F20003 		movt	r3, #:upper16:1073759137
 330 016e 44F2A132 		movw	r2, #:lower16:1073759137
 331 0172 C4F20002 		movt	r2, #:upper16:1073759137
ARM GAS  C:\Users\Kojo\AppData\Local\Temp\ccPadc5g.s 			page 11


 332 0176 1278     		ldrb	r2, [r2, #0]
 333 0178 D2B2     		uxtb	r2, r2
 334 017a 42F00102 		orr	r2, r2, #1
 335 017e D2B2     		uxtb	r2, r2
 336 0180 1A70     		strb	r2, [r3, #0]
 236:.\Generated_Source\PSoC5/cyfitter_cfg.c **** 	CY_SET_XTND_REG8((void CYFAR *)(CYREG_PM_ACT_CFG0), ((CY_GET_XTND_REG8(CYREG_PM_ACT_CFG0) | 0x80))
 337              		.loc 1 236 0
 338 0182 44F2A033 		movw	r3, #:lower16:1073759136
 339 0186 C4F20003 		movt	r3, #:upper16:1073759136
 340 018a 44F2A032 		movw	r2, #:lower16:1073759136
 341 018e C4F20002 		movt	r2, #:upper16:1073759136
 342 0192 1278     		ldrb	r2, [r2, #0]
 343 0194 D2B2     		uxtb	r2, r2
 344 0196 6FEA4262 		mvn	r2, r2, lsl #25
 345 019a 6FEA5262 		mvn	r2, r2, lsr #25
 346 019e D2B2     		uxtb	r2, r2
 347 01a0 1A70     		strb	r2, [r3, #0]
 237:.\Generated_Source\PSoC5/cyfitter_cfg.c **** }
 348              		.loc 1 237 0
 349 01a2 07F11007 		add	r7, r7, #16
 350 01a6 BD46     		mov	sp, r7
 351 01a8 80BD     		pop	{r7, pc}
 352              		.cfi_endproc
 353              	.LFE2:
 354              		.size	ClockSetup, .-ClockSetup
 355 01aa 00BF     		.section	.text.AnalogSetDefault,"ax",%progbits
 356              		.align	2
 357              		.global	AnalogSetDefault
 358              		.thumb
 359              		.thumb_func
 360              		.type	AnalogSetDefault, %function
 361              	AnalogSetDefault:
 362              	.LFB3:
 238:.\Generated_Source\PSoC5/cyfitter_cfg.c **** 
 239:.\Generated_Source\PSoC5/cyfitter_cfg.c **** 
 240:.\Generated_Source\PSoC5/cyfitter_cfg.c **** /* Analog API Functions */
 241:.\Generated_Source\PSoC5/cyfitter_cfg.c **** 
 242:.\Generated_Source\PSoC5/cyfitter_cfg.c **** /*******************************************************************************
 243:.\Generated_Source\PSoC5/cyfitter_cfg.c **** * Function Name: AnalogSetDefault
 244:.\Generated_Source\PSoC5/cyfitter_cfg.c **** ********************************************************************************
 245:.\Generated_Source\PSoC5/cyfitter_cfg.c **** *
 246:.\Generated_Source\PSoC5/cyfitter_cfg.c **** * Summary:
 247:.\Generated_Source\PSoC5/cyfitter_cfg.c **** *  Sets up the analog portions of the chip to default values based on chip
 248:.\Generated_Source\PSoC5/cyfitter_cfg.c **** *  configuration options from the project.
 249:.\Generated_Source\PSoC5/cyfitter_cfg.c **** *
 250:.\Generated_Source\PSoC5/cyfitter_cfg.c **** * Parameters:
 251:.\Generated_Source\PSoC5/cyfitter_cfg.c **** *  void
 252:.\Generated_Source\PSoC5/cyfitter_cfg.c **** *
 253:.\Generated_Source\PSoC5/cyfitter_cfg.c **** * Return:
 254:.\Generated_Source\PSoC5/cyfitter_cfg.c **** *  void
 255:.\Generated_Source\PSoC5/cyfitter_cfg.c **** *
 256:.\Generated_Source\PSoC5/cyfitter_cfg.c **** *******************************************************************************/
 257:.\Generated_Source\PSoC5/cyfitter_cfg.c **** void AnalogSetDefault(void)
 258:.\Generated_Source\PSoC5/cyfitter_cfg.c **** {
 363              		.loc 1 258 0
 364              		.cfi_startproc
 365              		@ args = 0, pretend = 0, frame = 8
ARM GAS  C:\Users\Kojo\AppData\Local\Temp\ccPadc5g.s 			page 12


 366              		@ frame_needed = 1, uses_anonymous_args = 0
 367              		@ link register save eliminated.
 368 0000 80B4     		push	{r7}
 369              	.LCFI9:
 370              		.cfi_def_cfa_offset 4
 371 0002 83B0     		sub	sp, sp, #12
 372              	.LCFI10:
 373              		.cfi_def_cfa_offset 16
 374 0004 00AF     		add	r7, sp, #0
 375              		.cfi_offset 7, -4
 376              	.LCFI11:
 377              		.cfi_def_cfa_register 7
 259:.\Generated_Source\PSoC5/cyfitter_cfg.c **** 	uint8 bg_xover_inl_trim = CY_GET_XTND_REG8(CYREG_FLSHID_MFG_CFG_BG_XOVER_INL_TRIM + 1u);
 378              		.loc 1 259 0
 379 0006 40F2CF13 		movw	r3, #:lower16:1224737231
 380 000a C4F60013 		movt	r3, #:upper16:1224737231
 381 000e 1B78     		ldrb	r3, [r3, #0]
 382 0010 FB71     		strb	r3, [r7, #7]
 260:.\Generated_Source\PSoC5/cyfitter_cfg.c **** 	CY_SET_XTND_REG8(CYREG_BG_DFT0, bg_xover_inl_trim & 0x07u);
 383              		.loc 1 260 0
 384 0012 45F66E03 		movw	r3, #:lower16:1073764462
 385 0016 C4F20003 		movt	r3, #:upper16:1073764462
 386 001a FA79     		ldrb	r2, [r7, #7]	@ zero_extendqisi2
 387 001c 02F00702 		and	r2, r2, #7
 388 0020 1A70     		strb	r2, [r3, #0]
 261:.\Generated_Source\PSoC5/cyfitter_cfg.c **** 	CY_SET_XTND_REG8(CYREG_BG_DFT1, (bg_xover_inl_trim >> 4) & 0x0Fu);
 389              		.loc 1 261 0
 390 0022 45F66F03 		movw	r3, #:lower16:1073764463
 391 0026 C4F20003 		movt	r3, #:upper16:1073764463
 392 002a FA79     		ldrb	r2, [r7, #7]	@ zero_extendqisi2
 393 002c 4FEA1212 		lsr	r2, r2, #4
 394 0030 D2B2     		uxtb	r2, r2
 395 0032 1A70     		strb	r2, [r3, #0]
 262:.\Generated_Source\PSoC5/cyfitter_cfg.c **** 	CY_SET_XTND_REG8(CYREG_PRT1_AG, 0xC0);
 396              		.loc 1 262 0
 397 0034 45F21D13 		movw	r3, #:lower16:1073762589
 398 0038 C4F20003 		movt	r3, #:upper16:1073762589
 399 003c 6FF03F02 		mvn	r2, #63
 400 0040 1A70     		strb	r2, [r3, #0]
 263:.\Generated_Source\PSoC5/cyfitter_cfg.c **** 	CY_SET_XTND_REG8(CYREG_SAR1_CSR1, 0x80);
 401              		.loc 1 263 0
 402 0042 45F60913 		movw	r3, #:lower16:1073764617
 403 0046 C4F20003 		movt	r3, #:upper16:1073764617
 404 004a 6FF07F02 		mvn	r2, #127
 405 004e 1A70     		strb	r2, [r3, #0]
 264:.\Generated_Source\PSoC5/cyfitter_cfg.c **** 	CY_SET_XTND_REG8(CYREG_SC1_SW0, 0x18);
 406              		.loc 1 264 0
 407 0050 45F61023 		movw	r3, #:lower16:1073764880
 408 0054 C4F20003 		movt	r3, #:upper16:1073764880
 409 0058 4FF01802 		mov	r2, #24
 410 005c 1A70     		strb	r2, [r3, #0]
 265:.\Generated_Source\PSoC5/cyfitter_cfg.c **** 	CY_SET_XTND_REG8(CYREG_SC1_SW8, 0x20);
 411              		.loc 1 265 0
 412 005e 45F61823 		movw	r3, #:lower16:1073764888
 413 0062 C4F20003 		movt	r3, #:upper16:1073764888
 414 0066 4FF02002 		mov	r2, #32
 415 006a 1A70     		strb	r2, [r3, #0]
ARM GAS  C:\Users\Kojo\AppData\Local\Temp\ccPadc5g.s 			page 13


 266:.\Generated_Source\PSoC5/cyfitter_cfg.c **** 	CY_SET_XTND_REG8(CYREG_SC3_SW0, 0x01);
 416              		.loc 1 266 0
 417 006c 45F63023 		movw	r3, #:lower16:1073764912
 418 0070 C4F20003 		movt	r3, #:upper16:1073764912
 419 0074 4FF00102 		mov	r2, #1
 420 0078 1A70     		strb	r2, [r3, #0]
 267:.\Generated_Source\PSoC5/cyfitter_cfg.c **** 	CY_SET_XTND_REG8(CYREG_SC3_SW8, 0x04);
 421              		.loc 1 267 0
 422 007a 45F63823 		movw	r3, #:lower16:1073764920
 423 007e C4F20003 		movt	r3, #:upper16:1073764920
 424 0082 4FF00402 		mov	r2, #4
 425 0086 1A70     		strb	r2, [r3, #0]
 268:.\Generated_Source\PSoC5/cyfitter_cfg.c **** 	CY_SET_XTND_REG8(CYREG_DAC1_SW0, 0x01);
 426              		.loc 1 268 0
 427 0088 45F68823 		movw	r3, #:lower16:1073765000
 428 008c C4F20003 		movt	r3, #:upper16:1073765000
 429 0090 4FF00102 		mov	r2, #1
 430 0094 1A70     		strb	r2, [r3, #0]
 269:.\Generated_Source\PSoC5/cyfitter_cfg.c **** 	CY_SET_XTND_REG8(CYREG_DAC3_SW4, 0x10);
 431              		.loc 1 269 0
 432 0096 45F69C23 		movw	r3, #:lower16:1073765020
 433 009a C4F20003 		movt	r3, #:upper16:1073765020
 434 009e 4FF01002 		mov	r2, #16
 435 00a2 1A70     		strb	r2, [r3, #0]
 270:.\Generated_Source\PSoC5/cyfitter_cfg.c **** 	CY_SET_XTND_REG8(CYREG_SAR1_SW0, 0x20);
 436              		.loc 1 270 0
 437 00a4 45F62833 		movw	r3, #:lower16:1073765160
 438 00a8 C4F20003 		movt	r3, #:upper16:1073765160
 439 00ac 4FF02002 		mov	r2, #32
 440 00b0 1A70     		strb	r2, [r3, #0]
 271:.\Generated_Source\PSoC5/cyfitter_cfg.c **** 	CY_SET_XTND_REG8(CYREG_SAR1_SW3, 0x20);
 441              		.loc 1 271 0
 442 00b2 45F62B33 		movw	r3, #:lower16:1073765163
 443 00b6 C4F20003 		movt	r3, #:upper16:1073765163
 444 00ba 4FF02002 		mov	r2, #32
 445 00be 1A70     		strb	r2, [r3, #0]
 272:.\Generated_Source\PSoC5/cyfitter_cfg.c **** 	CY_SET_XTND_REG8(CYREG_PUMP_CR0, 0x44);
 446              		.loc 1 272 0
 447 00c0 45F67603 		movw	r3, #:lower16:1073764470
 448 00c4 C4F20003 		movt	r3, #:upper16:1073764470
 449 00c8 4FF04402 		mov	r2, #68
 450 00cc 1A70     		strb	r2, [r3, #0]
 273:.\Generated_Source\PSoC5/cyfitter_cfg.c **** }
 451              		.loc 1 273 0
 452 00ce 07F10C07 		add	r7, r7, #12
 453 00d2 BD46     		mov	sp, r7
 454 00d4 80BC     		pop	{r7}
 455 00d6 7047     		bx	lr
 456              		.cfi_endproc
 457              	.LFE3:
 458              		.size	AnalogSetDefault, .-AnalogSetDefault
 459              		.section	.text.SetAnalogRoutingPumps,"ax",%progbits
 460              		.align	2
 461              		.global	SetAnalogRoutingPumps
 462              		.thumb
 463              		.thumb_func
 464              		.type	SetAnalogRoutingPumps, %function
ARM GAS  C:\Users\Kojo\AppData\Local\Temp\ccPadc5g.s 			page 14


 465              	SetAnalogRoutingPumps:
 466              	.LFB4:
 274:.\Generated_Source\PSoC5/cyfitter_cfg.c **** 
 275:.\Generated_Source\PSoC5/cyfitter_cfg.c **** 
 276:.\Generated_Source\PSoC5/cyfitter_cfg.c **** /*******************************************************************************
 277:.\Generated_Source\PSoC5/cyfitter_cfg.c **** * Function Name: SetAnalogRoutingPumps
 278:.\Generated_Source\PSoC5/cyfitter_cfg.c **** ********************************************************************************
 279:.\Generated_Source\PSoC5/cyfitter_cfg.c **** *
 280:.\Generated_Source\PSoC5/cyfitter_cfg.c **** * Summary:
 281:.\Generated_Source\PSoC5/cyfitter_cfg.c **** * Enables or disables the analog pumps feeding analog routing switches.
 282:.\Generated_Source\PSoC5/cyfitter_cfg.c **** * Intended to be called at startup, based on the Vdda system configuration;
 283:.\Generated_Source\PSoC5/cyfitter_cfg.c **** * may be called during operation when the user informs us that the Vdda voltage crossed the pump th
 284:.\Generated_Source\PSoC5/cyfitter_cfg.c **** *
 285:.\Generated_Source\PSoC5/cyfitter_cfg.c **** * Parameters:
 286:.\Generated_Source\PSoC5/cyfitter_cfg.c **** *  enabled - 1 to enable the pumps, 0 to disable the pumps
 287:.\Generated_Source\PSoC5/cyfitter_cfg.c **** *
 288:.\Generated_Source\PSoC5/cyfitter_cfg.c **** * Return:
 289:.\Generated_Source\PSoC5/cyfitter_cfg.c **** *  void
 290:.\Generated_Source\PSoC5/cyfitter_cfg.c **** *
 291:.\Generated_Source\PSoC5/cyfitter_cfg.c **** *******************************************************************************/
 292:.\Generated_Source\PSoC5/cyfitter_cfg.c **** void SetAnalogRoutingPumps(uint8 enabled)
 293:.\Generated_Source\PSoC5/cyfitter_cfg.c **** {
 467              		.loc 1 293 0
 468              		.cfi_startproc
 469              		@ args = 0, pretend = 0, frame = 16
 470              		@ frame_needed = 1, uses_anonymous_args = 0
 471              		@ link register save eliminated.
 472 0000 80B4     		push	{r7}
 473              	.LCFI12:
 474              		.cfi_def_cfa_offset 4
 475 0002 85B0     		sub	sp, sp, #20
 476              	.LCFI13:
 477              		.cfi_def_cfa_offset 24
 478 0004 00AF     		add	r7, sp, #0
 479              		.cfi_offset 7, -4
 480              	.LCFI14:
 481              		.cfi_def_cfa_register 7
 482 0006 0346     		mov	r3, r0
 483 0008 FB71     		strb	r3, [r7, #7]
 294:.\Generated_Source\PSoC5/cyfitter_cfg.c **** 	uint8 regValue = CY_GET_XTND_REG8(CYREG_PUMP_CR0);
 484              		.loc 1 294 0
 485 000a 45F67603 		movw	r3, #:lower16:1073764470
 486 000e C4F20003 		movt	r3, #:upper16:1073764470
 487 0012 1B78     		ldrb	r3, [r3, #0]
 488 0014 FB73     		strb	r3, [r7, #15]
 295:.\Generated_Source\PSoC5/cyfitter_cfg.c **** 	if (enabled)
 489              		.loc 1 295 0
 490 0016 FB79     		ldrb	r3, [r7, #7]	@ zero_extendqisi2
 491 0018 002B     		cmp	r3, #0
 492 001a 04D0     		beq	.L18
 296:.\Generated_Source\PSoC5/cyfitter_cfg.c **** 		regValue |= 0x02;
 493              		.loc 1 296 0
 494 001c FB7B     		ldrb	r3, [r7, #15]
 495 001e 43F00203 		orr	r3, r3, #2
 496 0022 FB73     		strb	r3, [r7, #15]
 497 0024 03E0     		b	.L19
 498              	.L18:
ARM GAS  C:\Users\Kojo\AppData\Local\Temp\ccPadc5g.s 			page 15


 297:.\Generated_Source\PSoC5/cyfitter_cfg.c **** 	else
 298:.\Generated_Source\PSoC5/cyfitter_cfg.c **** 		regValue &= ~0x02;
 499              		.loc 1 298 0
 500 0026 FB7B     		ldrb	r3, [r7, #15]
 501 0028 23F00203 		bic	r3, r3, #2
 502 002c FB73     		strb	r3, [r7, #15]
 503              	.L19:
 299:.\Generated_Source\PSoC5/cyfitter_cfg.c **** 	CY_SET_XTND_REG8(CYREG_PUMP_CR0, regValue);
 504              		.loc 1 299 0
 505 002e 45F67603 		movw	r3, #:lower16:1073764470
 506 0032 C4F20003 		movt	r3, #:upper16:1073764470
 507 0036 FA7B     		ldrb	r2, [r7, #15]
 508 0038 1A70     		strb	r2, [r3, #0]
 300:.\Generated_Source\PSoC5/cyfitter_cfg.c **** }
 509              		.loc 1 300 0
 510 003a 07F11407 		add	r7, r7, #20
 511 003e BD46     		mov	sp, r7
 512 0040 80BC     		pop	{r7}
 513 0042 7047     		bx	lr
 514              		.cfi_endproc
 515              	.LFE4:
 516              		.size	SetAnalogRoutingPumps, .-SetAnalogRoutingPumps
 517              		.section	.text.cyfitter_cfg,"ax",%progbits
 518              		.align	2
 519              		.global	cyfitter_cfg
 520              		.thumb
 521              		.thumb_func
 522              		.type	cyfitter_cfg, %function
 523              	cyfitter_cfg:
 524              	.LFB5:
 301:.\Generated_Source\PSoC5/cyfitter_cfg.c **** 
 302:.\Generated_Source\PSoC5/cyfitter_cfg.c **** #define CY_AMUX_UNUSED CYREG_BOOST_SR
 303:.\Generated_Source\PSoC5/cyfitter_cfg.c **** 
 304:.\Generated_Source\PSoC5/cyfitter_cfg.c **** 
 305:.\Generated_Source\PSoC5/cyfitter_cfg.c **** /*******************************************************************************
 306:.\Generated_Source\PSoC5/cyfitter_cfg.c **** * Function Name: cyfitter_cfg
 307:.\Generated_Source\PSoC5/cyfitter_cfg.c **** ********************************************************************************
 308:.\Generated_Source\PSoC5/cyfitter_cfg.c **** * Summary:
 309:.\Generated_Source\PSoC5/cyfitter_cfg.c **** *  This function is called by the start-up code for the selected device. It
 310:.\Generated_Source\PSoC5/cyfitter_cfg.c **** *  performs all of the necessary device configuration based on the design
 311:.\Generated_Source\PSoC5/cyfitter_cfg.c **** *  settings.  This includes settings from the Design Wide Resources (DWR) such
 312:.\Generated_Source\PSoC5/cyfitter_cfg.c **** *  as Clocks and Pins as well as any component configuration that is necessary.
 313:.\Generated_Source\PSoC5/cyfitter_cfg.c **** *
 314:.\Generated_Source\PSoC5/cyfitter_cfg.c **** * Parameters:  
 315:.\Generated_Source\PSoC5/cyfitter_cfg.c **** *   void
 316:.\Generated_Source\PSoC5/cyfitter_cfg.c **** *
 317:.\Generated_Source\PSoC5/cyfitter_cfg.c **** * Return:
 318:.\Generated_Source\PSoC5/cyfitter_cfg.c **** *   void
 319:.\Generated_Source\PSoC5/cyfitter_cfg.c **** *
 320:.\Generated_Source\PSoC5/cyfitter_cfg.c **** *******************************************************************************/
 321:.\Generated_Source\PSoC5/cyfitter_cfg.c **** void cyfitter_cfg(void)
 322:.\Generated_Source\PSoC5/cyfitter_cfg.c **** {
 525              		.loc 1 322 0
 526              		.cfi_startproc
 527              		@ args = 0, pretend = 0, frame = 8
 528              		@ frame_needed = 1, uses_anonymous_args = 0
 529 0000 80B5     		push	{r7, lr}
ARM GAS  C:\Users\Kojo\AppData\Local\Temp\ccPadc5g.s 			page 16


 530              	.LCFI15:
 531              		.cfi_def_cfa_offset 8
 532 0002 82B0     		sub	sp, sp, #8
 533              	.LCFI16:
 534              		.cfi_def_cfa_offset 16
 535 0004 00AF     		add	r7, sp, #0
 536              		.cfi_offset 14, -4
 537              		.cfi_offset 7, -8
 538              	.LCFI17:
 539              		.cfi_def_cfa_register 7
 323:.\Generated_Source\PSoC5/cyfitter_cfg.c **** #ifdef CYGlobalIntDisable
 324:.\Generated_Source\PSoC5/cyfitter_cfg.c **** 	/* Disable interrupts by default. Let user enable if/when they want. */
 325:.\Generated_Source\PSoC5/cyfitter_cfg.c **** 	CYGlobalIntDisable;
 540              		.loc 1 325 0
 541              	@ 325 ".\Generated_Source\PSoC5\cyfitter_cfg.c" 1
 542 0006 72B6     		CPSID   i
 543              	@ 0 "" 2
 326:.\Generated_Source\PSoC5/cyfitter_cfg.c **** #endif
 327:.\Generated_Source\PSoC5/cyfitter_cfg.c **** 
 328:.\Generated_Source\PSoC5/cyfitter_cfg.c **** 	/* Enable/Disable Debug functionality based on settings from System DWR */
 329:.\Generated_Source\PSoC5/cyfitter_cfg.c **** 	CY_SET_XTND_REG8(CYREG_MLOGIC_DEBUG, (CY_GET_XTND_REG8(CYREG_MLOGIC_DEBUG) | 0x04));
 544              		.loc 1 329 0
 545              		.thumb
 546 0008 44F2E863 		movw	r3, #:lower16:1073759976
 547 000c C4F20003 		movt	r3, #:upper16:1073759976
 548 0010 44F2E862 		movw	r2, #:lower16:1073759976
 549 0014 C4F20002 		movt	r2, #:upper16:1073759976
 550 0018 1278     		ldrb	r2, [r2, #0]
 551 001a D2B2     		uxtb	r2, r2
 552 001c 42F00402 		orr	r2, r2, #4
 553 0020 D2B2     		uxtb	r2, r2
 554 0022 1A70     		strb	r2, [r3, #0]
 555              	.LBB3:
 330:.\Generated_Source\PSoC5/cyfitter_cfg.c **** 
 331:.\Generated_Source\PSoC5/cyfitter_cfg.c **** 	{
 332:.\Generated_Source\PSoC5/cyfitter_cfg.c **** 		uint8 CYDATA i;
 333:.\Generated_Source\PSoC5/cyfitter_cfg.c **** 
 334:.\Generated_Source\PSoC5/cyfitter_cfg.c **** 		/* Zero out critical memory blocks before beginning configuration */
 335:.\Generated_Source\PSoC5/cyfitter_cfg.c **** 		for (i = 0; i < CFG_MEMSET_COUNT; i++)
 556              		.loc 1 335 0
 557 0024 4FF00003 		mov	r3, #0
 558 0028 FB70     		strb	r3, [r7, #3]
 559 002a 31E0     		b	.L22
 560              	.L23:
 561              	.LBB4:
 336:.\Generated_Source\PSoC5/cyfitter_cfg.c **** 		{
 337:.\Generated_Source\PSoC5/cyfitter_cfg.c **** 			const cfg_memset_t CYCODE * CYDATA ms = &cfg_memset_list[i];
 562              		.loc 1 337 0
 563 002c FA78     		ldrb	r2, [r7, #3]	@ zero_extendqisi2
 564 002e 1346     		mov	r3, r2
 565 0030 4FEA4303 		lsl	r3, r3, #1
 566 0034 1344     		add	r3, r3, r2
 567 0036 4FEA4303 		lsl	r3, r3, #1
 568 003a 1A46     		mov	r2, r3
 569 003c 40F20003 		movw	r3, #:lower16:cfg_memset_list
 570 0040 C0F20003 		movt	r3, #:upper16:cfg_memset_list
 571 0044 1344     		add	r3, r2, r3
ARM GAS  C:\Users\Kojo\AppData\Local\Temp\ccPadc5g.s 			page 17


 572 0046 7B60     		str	r3, [r7, #4]
 338:.\Generated_Source\PSoC5/cyfitter_cfg.c **** 			CYMEMZERO(ms->address, ms->size);
 573              		.loc 1 338 0
 574 0048 7B68     		ldr	r3, [r7, #4]
 575 004a 1A78     		ldrb	r2, [r3, #0]	@ zero_extendqisi2
 576 004c 5978     		ldrb	r1, [r3, #1]	@ zero_extendqisi2
 577 004e 4FEA0121 		lsl	r1, r1, #8
 578 0052 41EA0202 		orr	r2, r1, r2
 579 0056 9978     		ldrb	r1, [r3, #2]	@ zero_extendqisi2
 580 0058 4FEA0141 		lsl	r1, r1, #16
 581 005c 41EA0202 		orr	r2, r1, r2
 582 0060 DB78     		ldrb	r3, [r3, #3]	@ zero_extendqisi2
 583 0062 4FEA0363 		lsl	r3, r3, #24
 584 0066 43EA0203 		orr	r3, r3, r2
 585 006a 1A46     		mov	r2, r3
 586 006c 7B68     		ldr	r3, [r7, #4]
 587 006e 1979     		ldrb	r1, [r3, #4]	@ zero_extendqisi2
 588 0070 5B79     		ldrb	r3, [r3, #5]	@ zero_extendqisi2
 589 0072 4FEA0323 		lsl	r3, r3, #8
 590 0076 43EA0103 		orr	r3, r3, r1
 591 007a 9BB2     		uxth	r3, r3
 592 007c 1046     		mov	r0, r2
 593 007e 4FF00001 		mov	r1, #0
 594 0082 1A46     		mov	r2, r3
 595 0084 FFF7FEFF 		bl	memset
 596              	.LBE4:
 597              		.loc 1 335 0
 598 0088 FB78     		ldrb	r3, [r7, #3]
 599 008a 03F10103 		add	r3, r3, #1
 600 008e FB70     		strb	r3, [r7, #3]
 601              	.L22:
 602 0090 FB78     		ldrb	r3, [r7, #3]	@ zero_extendqisi2
 603 0092 072B     		cmp	r3, #7
 604 0094 CAD9     		bls	.L23
 339:.\Generated_Source\PSoC5/cyfitter_cfg.c **** 		}
 340:.\Generated_Source\PSoC5/cyfitter_cfg.c **** 
 341:.\Generated_Source\PSoC5/cyfitter_cfg.c **** 		cfg_write_bytes32();
 605              		.loc 1 341 0
 606 0096 FFF7FEFF 		bl	cfg_write_bytes32
 342:.\Generated_Source\PSoC5/cyfitter_cfg.c **** 
 343:.\Generated_Source\PSoC5/cyfitter_cfg.c **** 		/* Enable digital routing */
 344:.\Generated_Source\PSoC5/cyfitter_cfg.c **** 		CY_SET_XTND_REG8(CYREG_BCTL0_BANK_CTL, CY_GET_XTND_REG8(CYREG_BCTL0_BANK_CTL) | 0x02u);
 607              		.loc 1 344 0
 608 009a 45F20303 		movw	r3, #:lower16:1073827843
 609 009e C4F20103 		movt	r3, #:upper16:1073827843
 610 00a2 45F20302 		movw	r2, #:lower16:1073827843
 611 00a6 C4F20102 		movt	r2, #:upper16:1073827843
 612 00aa 1278     		ldrb	r2, [r2, #0]
 613 00ac D2B2     		uxtb	r2, r2
 614 00ae 42F00202 		orr	r2, r2, #2
 615 00b2 D2B2     		uxtb	r2, r2
 616 00b4 1A70     		strb	r2, [r3, #0]
 345:.\Generated_Source\PSoC5/cyfitter_cfg.c **** 		CY_SET_XTND_REG8(CYREG_BCTL1_BANK_CTL, CY_GET_XTND_REG8(CYREG_BCTL1_BANK_CTL) | 0x02u);
 617              		.loc 1 345 0
 618 00b6 45F21303 		movw	r3, #:lower16:1073827859
 619 00ba C4F20103 		movt	r3, #:upper16:1073827859
 620 00be 45F21302 		movw	r2, #:lower16:1073827859
ARM GAS  C:\Users\Kojo\AppData\Local\Temp\ccPadc5g.s 			page 18


 621 00c2 C4F20102 		movt	r2, #:upper16:1073827859
 622 00c6 1278     		ldrb	r2, [r2, #0]
 623 00c8 D2B2     		uxtb	r2, r2
 624 00ca 42F00202 		orr	r2, r2, #2
 625 00ce D2B2     		uxtb	r2, r2
 626 00d0 1A70     		strb	r2, [r3, #0]
 346:.\Generated_Source\PSoC5/cyfitter_cfg.c **** 
 347:.\Generated_Source\PSoC5/cyfitter_cfg.c **** 		/* Enable UDB array */
 348:.\Generated_Source\PSoC5/cyfitter_cfg.c **** 		CY_SET_XTND_REG8(CYREG_PM_ACT_CFG0, CY_GET_XTND_REG8(CYREG_PM_ACT_CFG0) | 0x40u);
 627              		.loc 1 348 0
 628 00d2 44F2A033 		movw	r3, #:lower16:1073759136
 629 00d6 C4F20003 		movt	r3, #:upper16:1073759136
 630 00da 44F2A032 		movw	r2, #:lower16:1073759136
 631 00de C4F20002 		movt	r2, #:upper16:1073759136
 632 00e2 1278     		ldrb	r2, [r2, #0]
 633 00e4 D2B2     		uxtb	r2, r2
 634 00e6 42F04002 		orr	r2, r2, #64
 635 00ea D2B2     		uxtb	r2, r2
 636 00ec 1A70     		strb	r2, [r3, #0]
 349:.\Generated_Source\PSoC5/cyfitter_cfg.c **** 		CY_SET_XTND_REG8(CYREG_PM_AVAIL_CR2, CY_GET_XTND_REG8(CYREG_PM_AVAIL_CR2) | 0x10u);
 637              		.loc 1 349 0
 638 00ee 44F2C233 		movw	r3, #:lower16:1073759170
 639 00f2 C4F20003 		movt	r3, #:upper16:1073759170
 640 00f6 44F2C232 		movw	r2, #:lower16:1073759170
 641 00fa C4F20002 		movt	r2, #:upper16:1073759170
 642 00fe 1278     		ldrb	r2, [r2, #0]
 643 0100 D2B2     		uxtb	r2, r2
 644 0102 42F01002 		orr	r2, r2, #16
 645 0106 D2B2     		uxtb	r2, r2
 646 0108 1A70     		strb	r2, [r3, #0]
 647              	.LBE3:
 350:.\Generated_Source\PSoC5/cyfitter_cfg.c **** 	}
 351:.\Generated_Source\PSoC5/cyfitter_cfg.c **** 
 352:.\Generated_Source\PSoC5/cyfitter_cfg.c **** 	/* Perform second pass device configuration. These items must be configured in specific order afte
 353:.\Generated_Source\PSoC5/cyfitter_cfg.c **** 	CYCONFIGCPY((void CYFAR *)(CYREG_PRT0_DM0), (void CYFAR *)(BS_IOPINS0_0_VAL), 8);
 648              		.loc 1 353 0
 649 010a 45F20210 		movw	r0, #:lower16:1073762562
 650 010e C4F20000 		movt	r0, #:upper16:1073762562
 651 0112 40F20041 		movw	r1, #:lower16:1207960576
 652 0116 C4F60001 		movt	r1, #:upper16:1207960576
 653 011a 4FF00802 		mov	r2, #8
 654 011e FFF7FEFF 		bl	memcpy
 354:.\Generated_Source\PSoC5/cyfitter_cfg.c **** 	CYCONFIGCPY((void CYFAR *)(CYREG_PRT1_DM0), (void CYFAR *)(BS_IOPINS0_1_VAL), 8);
 655              		.loc 1 354 0
 656 0122 45F21210 		movw	r0, #:lower16:1073762578
 657 0126 C4F20000 		movt	r0, #:upper16:1073762578
 658 012a 40F20841 		movw	r1, #:lower16:1207960584
 659 012e C4F60001 		movt	r1, #:upper16:1207960584
 660 0132 4FF00802 		mov	r2, #8
 661 0136 FFF7FEFF 		bl	memcpy
 355:.\Generated_Source\PSoC5/cyfitter_cfg.c **** 	CYCONFIGCPY((void CYFAR *)(CYREG_PRT2_DM0), (void CYFAR *)(BS_IOPINS0_2_VAL), 8);
 662              		.loc 1 355 0
 663 013a 45F22210 		movw	r0, #:lower16:1073762594
 664 013e C4F20000 		movt	r0, #:upper16:1073762594
 665 0142 40F21041 		movw	r1, #:lower16:1207960592
 666 0146 C4F60001 		movt	r1, #:upper16:1207960592
 667 014a 4FF00802 		mov	r2, #8
ARM GAS  C:\Users\Kojo\AppData\Local\Temp\ccPadc5g.s 			page 19


 668 014e FFF7FEFF 		bl	memcpy
 356:.\Generated_Source\PSoC5/cyfitter_cfg.c **** 	CYCONFIGCPY((void CYFAR *)(CYREG_PRT6_DR), (void CYFAR *)(BS_IOPINS0_6_VAL), 10);
 669              		.loc 1 356 0
 670 0152 45F26010 		movw	r0, #:lower16:1073762656
 671 0156 C4F20000 		movt	r0, #:upper16:1073762656
 672 015a 40F21841 		movw	r1, #:lower16:1207960600
 673 015e C4F60001 		movt	r1, #:upper16:1207960600
 674 0162 4FF00A02 		mov	r2, #10
 675 0166 FFF7FEFF 		bl	memcpy
 357:.\Generated_Source\PSoC5/cyfitter_cfg.c **** 
 358:.\Generated_Source\PSoC5/cyfitter_cfg.c **** 	/* Switch Boost to the precision bandgap reference from its internal reference */
 359:.\Generated_Source\PSoC5/cyfitter_cfg.c **** 	CY_SET_REG8(CYDEV_BOOST_CR2, (CY_GET_REG8(CYDEV_BOOST_CR2) | 0x08));
 676              		.loc 1 359 0
 677 016a 44F22233 		movw	r3, #:lower16:1073759010
 678 016e C4F20003 		movt	r3, #:upper16:1073759010
 679 0172 44F22232 		movw	r2, #:lower16:1073759010
 680 0176 C4F20002 		movt	r2, #:upper16:1073759010
 681 017a 1278     		ldrb	r2, [r2, #0]
 682 017c D2B2     		uxtb	r2, r2
 683 017e 42F00802 		orr	r2, r2, #8
 684 0182 D2B2     		uxtb	r2, r2
 685 0184 1A70     		strb	r2, [r3, #0]
 360:.\Generated_Source\PSoC5/cyfitter_cfg.c **** 
 361:.\Generated_Source\PSoC5/cyfitter_cfg.c **** 	/* Set Flash Cycles based on max possible frequency in case a glitch occurs during ClockSetup(). *
 362:.\Generated_Source\PSoC5/cyfitter_cfg.c **** 	CY_SET_XTND_REG8((void CYFAR *)(CYREG_CACHE_CC_CTL), ((CYDEV_INSTRUCT_CACHE_ENABLED) ? 0x01 : 0x00
 686              		.loc 1 362 0
 687 0186 44F60003 		movw	r3, #:lower16:1073760256
 688 018a C4F20003 		movt	r3, #:upper16:1073760256
 689 018e 4FF00102 		mov	r2, #1
 690 0192 1A70     		strb	r2, [r3, #0]
 363:.\Generated_Source\PSoC5/cyfitter_cfg.c **** 	/* Setup clocks based on selections from Clock DWR */
 364:.\Generated_Source\PSoC5/cyfitter_cfg.c **** 	ClockSetup();
 691              		.loc 1 364 0
 692 0194 FFF7FEFF 		bl	ClockSetup
 365:.\Generated_Source\PSoC5/cyfitter_cfg.c **** 	/* Set Flash Cycles based on newly configured 24.00MHz Bus Clock. */
 366:.\Generated_Source\PSoC5/cyfitter_cfg.c **** 	CY_SET_XTND_REG8((void CYFAR *)(CYREG_CACHE_CC_CTL), ((CYDEV_INSTRUCT_CACHE_ENABLED) ? 0x81 : 0x80
 693              		.loc 1 366 0
 694 0198 44F60003 		movw	r3, #:lower16:1073760256
 695 019c C4F20003 		movt	r3, #:upper16:1073760256
 696 01a0 6FF07E02 		mvn	r2, #126
 697 01a4 1A70     		strb	r2, [r3, #0]
 367:.\Generated_Source\PSoC5/cyfitter_cfg.c **** 	CY_SET_XTND_REG8((void CYFAR *)(CYREG_PANTHER_WAITPIPE), 0x01);
 698              		.loc 1 367 0
 699 01a6 40F20403 		movw	r3, #:lower16:1074266116
 700 01aa C4F20803 		movt	r3, #:upper16:1074266116
 701 01ae 4FF00102 		mov	r2, #1
 702 01b2 1A70     		strb	r2, [r3, #0]
 368:.\Generated_Source\PSoC5/cyfitter_cfg.c **** 
 369:.\Generated_Source\PSoC5/cyfitter_cfg.c **** 	/* Perform basic analog initialization to defaults */
 370:.\Generated_Source\PSoC5/cyfitter_cfg.c **** 	AnalogSetDefault();
 703              		.loc 1 370 0
 704 01b4 FFF7FEFF 		bl	AnalogSetDefault
 371:.\Generated_Source\PSoC5/cyfitter_cfg.c **** 
 372:.\Generated_Source\PSoC5/cyfitter_cfg.c **** 	/* Configure alternate active mode */
 373:.\Generated_Source\PSoC5/cyfitter_cfg.c **** 	CYCONFIGCPY((void CYFAR *)CYDEV_PM_STBY_BASE, (void CYFAR *)CYDEV_PM_ACT_BASE, 14);
 705              		.loc 1 373 0
 706 01b8 44F2B030 		movw	r0, #:lower16:1073759152
ARM GAS  C:\Users\Kojo\AppData\Local\Temp\ccPadc5g.s 			page 20


 707 01bc C4F20000 		movt	r0, #:upper16:1073759152
 708 01c0 44F2A031 		movw	r1, #:lower16:1073759136
 709 01c4 C4F20001 		movt	r1, #:upper16:1073759136
 710 01c8 4FF00E02 		mov	r2, #14
 711 01cc FFF7FEFF 		bl	memcpy
 374:.\Generated_Source\PSoC5/cyfitter_cfg.c **** }
 712              		.loc 1 374 0
 713 01d0 07F10807 		add	r7, r7, #8
 714 01d4 BD46     		mov	sp, r7
 715 01d6 80BD     		pop	{r7, pc}
 716              		.cfi_endproc
 717              	.LFE5:
 718              		.size	cyfitter_cfg, .-cyfitter_cfg
 719              		.text
 720              	.Letext0:
 721              		.section	.debug_loc,"",%progbits
 722              	.Ldebug_loc0:
 723              	.LLST0:
 724 0000 00000000 		.4byte	.LFB0
 725 0004 02000000 		.4byte	.LCFI0
 726 0008 0100     		.2byte	0x1
 727 000a 5D       		.byte	0x5d
 728 000b 02000000 		.4byte	.LCFI0
 729 000f 04000000 		.4byte	.LCFI1
 730 0013 0200     		.2byte	0x2
 731 0015 7D       		.byte	0x7d
 732 0016 04       		.sleb128 4
 733 0017 04000000 		.4byte	.LCFI1
 734 001b 06000000 		.4byte	.LCFI2
 735 001f 0200     		.2byte	0x2
 736 0021 7D       		.byte	0x7d
 737 0022 10       		.sleb128 16
 738 0023 06000000 		.4byte	.LCFI2
 739 0027 0C000000 		.4byte	.LFE0
 740 002b 0200     		.2byte	0x2
 741 002d 77       		.byte	0x77
 742 002e 10       		.sleb128 16
 743 002f 00000000 		.4byte	0x0
 744 0033 00000000 		.4byte	0x0
 745              	.LLST1:
 746 0037 00000000 		.4byte	.LFB1
 747 003b 02000000 		.4byte	.LCFI3
 748 003f 0100     		.2byte	0x1
 749 0041 5D       		.byte	0x5d
 750 0042 02000000 		.4byte	.LCFI3
 751 0046 04000000 		.4byte	.LCFI4
 752 004a 0200     		.2byte	0x2
 753 004c 7D       		.byte	0x7d
 754 004d 04       		.sleb128 4
 755 004e 04000000 		.4byte	.LCFI4
 756 0052 06000000 		.4byte	.LCFI5
 757 0056 0200     		.2byte	0x2
 758 0058 7D       		.byte	0x7d
 759 0059 18       		.sleb128 24
 760 005a 06000000 		.4byte	.LCFI5
 761 005e 92000000 		.4byte	.LFE1
 762 0062 0200     		.2byte	0x2
ARM GAS  C:\Users\Kojo\AppData\Local\Temp\ccPadc5g.s 			page 21


 763 0064 77       		.byte	0x77
 764 0065 18       		.sleb128 24
 765 0066 00000000 		.4byte	0x0
 766 006a 00000000 		.4byte	0x0
 767              	.LLST2:
 768 006e 00000000 		.4byte	.LFB2
 769 0072 02000000 		.4byte	.LCFI6
 770 0076 0100     		.2byte	0x1
 771 0078 5D       		.byte	0x5d
 772 0079 02000000 		.4byte	.LCFI6
 773 007d 04000000 		.4byte	.LCFI7
 774 0081 0200     		.2byte	0x2
 775 0083 7D       		.byte	0x7d
 776 0084 08       		.sleb128 8
 777 0085 04000000 		.4byte	.LCFI7
 778 0089 06000000 		.4byte	.LCFI8
 779 008d 0200     		.2byte	0x2
 780 008f 7D       		.byte	0x7d
 781 0090 18       		.sleb128 24
 782 0091 06000000 		.4byte	.LCFI8
 783 0095 AA010000 		.4byte	.LFE2
 784 0099 0200     		.2byte	0x2
 785 009b 77       		.byte	0x77
 786 009c 18       		.sleb128 24
 787 009d 00000000 		.4byte	0x0
 788 00a1 00000000 		.4byte	0x0
 789              	.LLST3:
 790 00a5 00000000 		.4byte	.LFB3
 791 00a9 02000000 		.4byte	.LCFI9
 792 00ad 0100     		.2byte	0x1
 793 00af 5D       		.byte	0x5d
 794 00b0 02000000 		.4byte	.LCFI9
 795 00b4 04000000 		.4byte	.LCFI10
 796 00b8 0200     		.2byte	0x2
 797 00ba 7D       		.byte	0x7d
 798 00bb 04       		.sleb128 4
 799 00bc 04000000 		.4byte	.LCFI10
 800 00c0 06000000 		.4byte	.LCFI11
 801 00c4 0200     		.2byte	0x2
 802 00c6 7D       		.byte	0x7d
 803 00c7 10       		.sleb128 16
 804 00c8 06000000 		.4byte	.LCFI11
 805 00cc D8000000 		.4byte	.LFE3
 806 00d0 0200     		.2byte	0x2
 807 00d2 77       		.byte	0x77
 808 00d3 10       		.sleb128 16
 809 00d4 00000000 		.4byte	0x0
 810 00d8 00000000 		.4byte	0x0
 811              	.LLST4:
 812 00dc 00000000 		.4byte	.LFB4
 813 00e0 02000000 		.4byte	.LCFI12
 814 00e4 0100     		.2byte	0x1
 815 00e6 5D       		.byte	0x5d
 816 00e7 02000000 		.4byte	.LCFI12
 817 00eb 04000000 		.4byte	.LCFI13
 818 00ef 0200     		.2byte	0x2
 819 00f1 7D       		.byte	0x7d
ARM GAS  C:\Users\Kojo\AppData\Local\Temp\ccPadc5g.s 			page 22


 820 00f2 04       		.sleb128 4
 821 00f3 04000000 		.4byte	.LCFI13
 822 00f7 06000000 		.4byte	.LCFI14
 823 00fb 0200     		.2byte	0x2
 824 00fd 7D       		.byte	0x7d
 825 00fe 18       		.sleb128 24
 826 00ff 06000000 		.4byte	.LCFI14
 827 0103 44000000 		.4byte	.LFE4
 828 0107 0200     		.2byte	0x2
 829 0109 77       		.byte	0x77
 830 010a 18       		.sleb128 24
 831 010b 00000000 		.4byte	0x0
 832 010f 00000000 		.4byte	0x0
 833              	.LLST5:
 834 0113 00000000 		.4byte	.LFB5
 835 0117 02000000 		.4byte	.LCFI15
 836 011b 0100     		.2byte	0x1
 837 011d 5D       		.byte	0x5d
 838 011e 02000000 		.4byte	.LCFI15
 839 0122 04000000 		.4byte	.LCFI16
 840 0126 0200     		.2byte	0x2
 841 0128 7D       		.byte	0x7d
 842 0129 08       		.sleb128 8
 843 012a 04000000 		.4byte	.LCFI16
 844 012e 06000000 		.4byte	.LCFI17
 845 0132 0200     		.2byte	0x2
 846 0134 7D       		.byte	0x7d
 847 0135 10       		.sleb128 16
 848 0136 06000000 		.4byte	.LCFI17
 849 013a D8010000 		.4byte	.LFE5
 850 013e 0200     		.2byte	0x2
 851 0140 77       		.byte	0x77
 852 0141 10       		.sleb128 16
 853 0142 00000000 		.4byte	0x0
 854 0146 00000000 		.4byte	0x0
 855              		.file 2 "./Generated_Source/PSoC5/cytypes.h"
 856              		.section	.debug_info
 857 0000 9D020000 		.4byte	0x29d
 858 0004 0200     		.2byte	0x2
 859 0006 00000000 		.4byte	.Ldebug_abbrev0
 860 000a 04       		.byte	0x4
 861 000b 01       		.uleb128 0x1
 862 000c 66010000 		.4byte	.LASF34
 863 0010 01       		.byte	0x1
 864 0011 93010000 		.4byte	.LASF35
 865 0015 E6000000 		.4byte	.LASF36
 866 0019 00000000 		.4byte	0x0
 867 001d 00000000 		.4byte	0x0
 868 0021 00000000 		.4byte	.Ldebug_ranges0+0x0
 869 0025 00000000 		.4byte	.Ldebug_line0
 870 0029 02       		.uleb128 0x2
 871 002a 01       		.byte	0x1
 872 002b 06       		.byte	0x6
 873 002c DB010000 		.4byte	.LASF0
 874 0030 02       		.uleb128 0x2
 875 0031 01       		.byte	0x1
 876 0032 08       		.byte	0x8
ARM GAS  C:\Users\Kojo\AppData\Local\Temp\ccPadc5g.s 			page 23


 877 0033 B5000000 		.4byte	.LASF1
 878 0037 02       		.uleb128 0x2
 879 0038 02       		.byte	0x2
 880 0039 05       		.byte	0x5
 881 003a 89010000 		.4byte	.LASF2
 882 003e 02       		.uleb128 0x2
 883 003f 02       		.byte	0x2
 884 0040 07       		.byte	0x7
 885 0041 36000000 		.4byte	.LASF3
 886 0045 03       		.uleb128 0x3
 887 0046 04       		.byte	0x4
 888 0047 05       		.byte	0x5
 889 0048 696E7400 		.ascii	"int\000"
 890 004c 02       		.uleb128 0x2
 891 004d 04       		.byte	0x4
 892 004e 07       		.byte	0x7
 893 004f 24010000 		.4byte	.LASF4
 894 0053 02       		.uleb128 0x2
 895 0054 08       		.byte	0x8
 896 0055 05       		.byte	0x5
 897 0056 00000000 		.4byte	.LASF5
 898 005a 02       		.uleb128 0x2
 899 005b 08       		.byte	0x8
 900 005c 07       		.byte	0x7
 901 005d 39010000 		.4byte	.LASF6
 902 0061 02       		.uleb128 0x2
 903 0062 04       		.byte	0x4
 904 0063 05       		.byte	0x5
 905 0064 BB010000 		.4byte	.LASF7
 906 0068 04       		.uleb128 0x4
 907 0069 04       		.byte	0x4
 908 006a 07       		.byte	0x7
 909 006b 05       		.uleb128 0x5
 910 006c 04       		.byte	0x4
 911 006d 02       		.uleb128 0x2
 912 006e 04       		.byte	0x4
 913 006f 07       		.byte	0x7
 914 0070 7A000000 		.4byte	.LASF8
 915 0074 02       		.uleb128 0x2
 916 0075 01       		.byte	0x1
 917 0076 08       		.byte	0x8
 918 0077 C4010000 		.4byte	.LASF9
 919 007b 06       		.uleb128 0x6
 920 007c 8C000000 		.4byte	.LASF10
 921 0080 02       		.byte	0x2
 922 0081 60       		.byte	0x60
 923 0082 30000000 		.4byte	0x30
 924 0086 06       		.uleb128 0x6
 925 0087 DF000000 		.4byte	.LASF11
 926 008b 02       		.byte	0x2
 927 008c 61       		.byte	0x61
 928 008d 3E000000 		.4byte	0x3e
 929 0091 06       		.uleb128 0x6
 930 0092 1D010000 		.4byte	.LASF12
 931 0096 02       		.byte	0x2
 932 0097 62       		.byte	0x62
 933 0098 6D000000 		.4byte	0x6d
ARM GAS  C:\Users\Kojo\AppData\Local\Temp\ccPadc5g.s 			page 24


 934 009c 07       		.uleb128 0x7
 935 009d 06       		.byte	0x6
 936 009e 01       		.byte	0x1
 937 009f 5F       		.byte	0x5f
 938 00a0 C1000000 		.4byte	0xc1
 939 00a4 08       		.uleb128 0x8
 940 00a5 31010000 		.4byte	.LASF13
 941 00a9 01       		.byte	0x1
 942 00aa 60       		.byte	0x60
 943 00ab 6B000000 		.4byte	0x6b
 944 00af 02       		.byte	0x2
 945 00b0 23       		.byte	0x23
 946 00b1 00       		.uleb128 0x0
 947 00b2 08       		.uleb128 0x8
 948 00b3 75000000 		.4byte	.LASF14
 949 00b7 01       		.byte	0x1
 950 00b8 61       		.byte	0x61
 951 00b9 86000000 		.4byte	0x86
 952 00bd 02       		.byte	0x2
 953 00be 23       		.byte	0x23
 954 00bf 04       		.uleb128 0x4
 955 00c0 00       		.byte	0x0
 956 00c1 06       		.uleb128 0x6
 957 00c2 50010000 		.4byte	.LASF15
 958 00c6 01       		.byte	0x1
 959 00c7 62       		.byte	0x62
 960 00c8 9C000000 		.4byte	0x9c
 961 00cc 07       		.uleb128 0x7
 962 00cd 02       		.byte	0x2
 963 00ce 01       		.byte	0x1
 964 00cf 7B       		.byte	0x7b
 965 00d0 F1000000 		.4byte	0xf1
 966 00d4 08       		.uleb128 0x8
 967 00d5 7A010000 		.4byte	.LASF16
 968 00d9 01       		.byte	0x1
 969 00da 7C       		.byte	0x7c
 970 00db 7B000000 		.4byte	0x7b
 971 00df 02       		.byte	0x2
 972 00e0 23       		.byte	0x23
 973 00e1 00       		.uleb128 0x0
 974 00e2 08       		.uleb128 0x8
 975 00e3 1F000000 		.4byte	.LASF17
 976 00e7 01       		.byte	0x1
 977 00e8 7D       		.byte	0x7d
 978 00e9 7B000000 		.4byte	0x7b
 979 00ed 02       		.byte	0x2
 980 00ee 23       		.byte	0x23
 981 00ef 01       		.uleb128 0x1
 982 00f0 00       		.byte	0x0
 983 00f1 09       		.uleb128 0x9
 984 00f2 51000000 		.4byte	.LASF18
 985 00f6 01       		.byte	0x1
 986 00f7 30       		.byte	0x30
 987 00f8 01       		.byte	0x1
 988 00f9 00000000 		.4byte	.LFB0
 989 00fd 0C000000 		.4byte	.LFE0
 990 0101 00000000 		.4byte	.LLST0
ARM GAS  C:\Users\Kojo\AppData\Local\Temp\ccPadc5g.s 			page 25


 991 0105 18010000 		.4byte	0x118
 992 0109 0A       		.uleb128 0xa
 993 010a 13010000 		.4byte	.LASF29
 994 010e 01       		.byte	0x1
 995 010f 30       		.byte	0x30
 996 0110 7B000000 		.4byte	0x7b
 997 0114 02       		.byte	0x2
 998 0115 91       		.byte	0x91
 999 0116 77       		.sleb128 -9
 1000 0117 00       		.byte	0x0
 1001 0118 09       		.uleb128 0x9
 1002 0119 CD000000 		.4byte	.LASF19
 1003 011d 01       		.byte	0x1
 1004 011e A2       		.byte	0xa2
 1005 011f 01       		.byte	0x1
 1006 0120 00000000 		.4byte	.LFB1
 1007 0124 92000000 		.4byte	.LFE1
 1008 0128 37000000 		.4byte	.LLST1
 1009 012c 6F010000 		.4byte	0x16f
 1010 0130 0B       		.uleb128 0xb
 1011 0131 6900     		.ascii	"i\000"
 1012 0133 01       		.byte	0x1
 1013 0134 A4       		.byte	0xa4
 1014 0135 4C000000 		.4byte	0x4c
 1015 0139 02       		.byte	0x2
 1016 013a 91       		.byte	0x91
 1017 013b 68       		.sleb128 -24
 1018 013c 0B       		.uleb128 0xb
 1019 013d 6A00     		.ascii	"j\000"
 1020 013f 01       		.byte	0x1
 1021 0140 A4       		.byte	0xa4
 1022 0141 4C000000 		.4byte	0x4c
 1023 0145 02       		.byte	0x2
 1024 0146 91       		.byte	0x91
 1025 0147 6C       		.sleb128 -20
 1026 0148 0C       		.uleb128 0xc
 1027 0149 14000000 		.4byte	.LBB2
 1028 014d 7A000000 		.4byte	.LBE2
 1029 0151 0D       		.uleb128 0xd
 1030 0152 5D010000 		.4byte	.LASF20
 1031 0156 01       		.byte	0x1
 1032 0157 A7       		.byte	0xa7
 1033 0158 91000000 		.4byte	0x91
 1034 015c 02       		.byte	0x2
 1035 015d 91       		.byte	0x91
 1036 015e 70       		.sleb128 -16
 1037 015f 0D       		.uleb128 0xd
 1038 0160 25000000 		.4byte	.LASF21
 1039 0164 01       		.byte	0x1
 1040 0165 A8       		.byte	0xa8
 1041 0166 7B000000 		.4byte	0x7b
 1042 016a 02       		.byte	0x2
 1043 016b 91       		.byte	0x91
 1044 016c 77       		.sleb128 -9
 1045 016d 00       		.byte	0x0
 1046 016e 00       		.byte	0x0
 1047 016f 09       		.uleb128 0x9
ARM GAS  C:\Users\Kojo\AppData\Local\Temp\ccPadc5g.s 			page 26


 1048 0170 2B000000 		.4byte	.LASF22
 1049 0174 01       		.byte	0x1
 1050 0175 C2       		.byte	0xc2
 1051 0176 01       		.byte	0x1
 1052 0177 00000000 		.4byte	.LFB2
 1053 017b AA010000 		.4byte	.LFE2
 1054 017f 6E000000 		.4byte	.LLST2
 1055 0183 B2010000 		.4byte	0x1b2
 1056 0187 0D       		.uleb128 0xd
 1057 0188 72010000 		.4byte	.LASF23
 1058 018c 01       		.byte	0x1
 1059 018d C4       		.byte	0xc4
 1060 018e B2010000 		.4byte	0x1b2
 1061 0192 02       		.byte	0x2
 1062 0193 91       		.byte	0x91
 1063 0194 70       		.sleb128 -16
 1064 0195 0D       		.uleb128 0xd
 1065 0196 C3000000 		.4byte	.LASF24
 1066 019a 01       		.byte	0x1
 1067 019b C5       		.byte	0xc5
 1068 019c B7010000 		.4byte	0x1b7
 1069 01a0 02       		.byte	0x2
 1070 01a1 91       		.byte	0x91
 1071 01a2 74       		.sleb128 -12
 1072 01a3 0D       		.uleb128 0xd
 1073 01a4 49000000 		.4byte	.LASF25
 1074 01a8 01       		.byte	0x1
 1075 01a9 C6       		.byte	0xc6
 1076 01aa BD010000 		.4byte	0x1bd
 1077 01ae 02       		.byte	0x2
 1078 01af 91       		.byte	0x91
 1079 01b0 6F       		.sleb128 -17
 1080 01b1 00       		.byte	0x0
 1081 01b2 0E       		.uleb128 0xe
 1082 01b3 6D000000 		.4byte	0x6d
 1083 01b7 0F       		.uleb128 0xf
 1084 01b8 04       		.byte	0x4
 1085 01b9 B2010000 		.4byte	0x1b2
 1086 01bd 0E       		.uleb128 0xe
 1087 01be 30000000 		.4byte	0x30
 1088 01c2 10       		.uleb128 0x10
 1089 01c3 01       		.byte	0x1
 1090 01c4 0E000000 		.4byte	.LASF27
 1091 01c8 01       		.byte	0x1
 1092 01c9 0101     		.2byte	0x101
 1093 01cb 01       		.byte	0x1
 1094 01cc 00000000 		.4byte	.LFB3
 1095 01d0 D8000000 		.4byte	.LFE3
 1096 01d4 A5000000 		.4byte	.LLST3
 1097 01d8 EC010000 		.4byte	0x1ec
 1098 01dc 11       		.uleb128 0x11
 1099 01dd C9010000 		.4byte	.LASF26
 1100 01e1 01       		.byte	0x1
 1101 01e2 0301     		.2byte	0x103
 1102 01e4 7B000000 		.4byte	0x7b
 1103 01e8 02       		.byte	0x2
 1104 01e9 91       		.byte	0x91
ARM GAS  C:\Users\Kojo\AppData\Local\Temp\ccPadc5g.s 			page 27


 1105 01ea 77       		.sleb128 -9
 1106 01eb 00       		.byte	0x0
 1107 01ec 10       		.uleb128 0x10
 1108 01ed 01       		.byte	0x1
 1109 01ee 9F000000 		.4byte	.LASF28
 1110 01f2 01       		.byte	0x1
 1111 01f3 2401     		.2byte	0x124
 1112 01f5 01       		.byte	0x1
 1113 01f6 00000000 		.4byte	.LFB4
 1114 01fa 44000000 		.4byte	.LFE4
 1115 01fe DC000000 		.4byte	.LLST4
 1116 0202 25020000 		.4byte	0x225
 1117 0206 12       		.uleb128 0x12
 1118 0207 81010000 		.4byte	.LASF30
 1119 020b 01       		.byte	0x1
 1120 020c 2401     		.2byte	0x124
 1121 020e 7B000000 		.4byte	0x7b
 1122 0212 02       		.byte	0x2
 1123 0213 91       		.byte	0x91
 1124 0214 6F       		.sleb128 -17
 1125 0215 11       		.uleb128 0x11
 1126 0216 E7010000 		.4byte	.LASF31
 1127 021a 01       		.byte	0x1
 1128 021b 2601     		.2byte	0x126
 1129 021d 7B000000 		.4byte	0x7b
 1130 0221 02       		.byte	0x2
 1131 0222 91       		.byte	0x91
 1132 0223 77       		.sleb128 -9
 1133 0224 00       		.byte	0x0
 1134 0225 10       		.uleb128 0x10
 1135 0226 01       		.byte	0x1
 1136 0227 92000000 		.4byte	.LASF32
 1137 022b 01       		.byte	0x1
 1138 022c 4101     		.2byte	0x141
 1139 022e 01       		.byte	0x1
 1140 022f 00000000 		.4byte	.LFB5
 1141 0233 D8010000 		.4byte	.LFE5
 1142 0237 13010000 		.4byte	.LLST5
 1143 023b 6F020000 		.4byte	0x26f
 1144 023f 0C       		.uleb128 0xc
 1145 0240 24000000 		.4byte	.LBB3
 1146 0244 0A010000 		.4byte	.LBE3
 1147 0248 13       		.uleb128 0x13
 1148 0249 6900     		.ascii	"i\000"
 1149 024b 01       		.byte	0x1
 1150 024c 4C01     		.2byte	0x14c
 1151 024e 7B000000 		.4byte	0x7b
 1152 0252 02       		.byte	0x2
 1153 0253 91       		.byte	0x91
 1154 0254 73       		.sleb128 -13
 1155 0255 0C       		.uleb128 0xc
 1156 0256 2C000000 		.4byte	.LBB4
 1157 025a 88000000 		.4byte	.LBE4
 1158 025e 13       		.uleb128 0x13
 1159 025f 6D7300   		.ascii	"ms\000"
 1160 0262 01       		.byte	0x1
 1161 0263 5101     		.2byte	0x151
ARM GAS  C:\Users\Kojo\AppData\Local\Temp\ccPadc5g.s 			page 28


 1162 0265 6F020000 		.4byte	0x26f
 1163 0269 02       		.byte	0x2
 1164 026a 91       		.byte	0x91
 1165 026b 74       		.sleb128 -12
 1166 026c 00       		.byte	0x0
 1167 026d 00       		.byte	0x0
 1168 026e 00       		.byte	0x0
 1169 026f 0F       		.uleb128 0xf
 1170 0270 04       		.byte	0x4
 1171 0271 75020000 		.4byte	0x275
 1172 0275 14       		.uleb128 0x14
 1173 0276 C1000000 		.4byte	0xc1
 1174 027a 15       		.uleb128 0x15
 1175 027b C1000000 		.4byte	0xc1
 1176 027f 8A020000 		.4byte	0x28a
 1177 0283 16       		.uleb128 0x16
 1178 0284 68000000 		.4byte	0x68
 1179 0288 07       		.byte	0x7
 1180 0289 00       		.byte	0x0
 1181 028a 0D       		.uleb128 0xd
 1182 028b 65000000 		.4byte	.LASF33
 1183 028f 01       		.byte	0x1
 1184 0290 6D       		.byte	0x6d
 1185 0291 9B020000 		.4byte	0x29b
 1186 0295 05       		.byte	0x5
 1187 0296 03       		.byte	0x3
 1188 0297 00000000 		.4byte	cfg_memset_list
 1189 029b 14       		.uleb128 0x14
 1190 029c 7A020000 		.4byte	0x27a
 1191 02a0 00       		.byte	0x0
 1192              		.section	.debug_abbrev
 1193 0000 01       		.uleb128 0x1
 1194 0001 11       		.uleb128 0x11
 1195 0002 01       		.byte	0x1
 1196 0003 25       		.uleb128 0x25
 1197 0004 0E       		.uleb128 0xe
 1198 0005 13       		.uleb128 0x13
 1199 0006 0B       		.uleb128 0xb
 1200 0007 03       		.uleb128 0x3
 1201 0008 0E       		.uleb128 0xe
 1202 0009 1B       		.uleb128 0x1b
 1203 000a 0E       		.uleb128 0xe
 1204 000b 11       		.uleb128 0x11
 1205 000c 01       		.uleb128 0x1
 1206 000d 52       		.uleb128 0x52
 1207 000e 01       		.uleb128 0x1
 1208 000f 55       		.uleb128 0x55
 1209 0010 06       		.uleb128 0x6
 1210 0011 10       		.uleb128 0x10
 1211 0012 06       		.uleb128 0x6
 1212 0013 00       		.byte	0x0
 1213 0014 00       		.byte	0x0
 1214 0015 02       		.uleb128 0x2
 1215 0016 24       		.uleb128 0x24
 1216 0017 00       		.byte	0x0
 1217 0018 0B       		.uleb128 0xb
 1218 0019 0B       		.uleb128 0xb
ARM GAS  C:\Users\Kojo\AppData\Local\Temp\ccPadc5g.s 			page 29


 1219 001a 3E       		.uleb128 0x3e
 1220 001b 0B       		.uleb128 0xb
 1221 001c 03       		.uleb128 0x3
 1222 001d 0E       		.uleb128 0xe
 1223 001e 00       		.byte	0x0
 1224 001f 00       		.byte	0x0
 1225 0020 03       		.uleb128 0x3
 1226 0021 24       		.uleb128 0x24
 1227 0022 00       		.byte	0x0
 1228 0023 0B       		.uleb128 0xb
 1229 0024 0B       		.uleb128 0xb
 1230 0025 3E       		.uleb128 0x3e
 1231 0026 0B       		.uleb128 0xb
 1232 0027 03       		.uleb128 0x3
 1233 0028 08       		.uleb128 0x8
 1234 0029 00       		.byte	0x0
 1235 002a 00       		.byte	0x0
 1236 002b 04       		.uleb128 0x4
 1237 002c 24       		.uleb128 0x24
 1238 002d 00       		.byte	0x0
 1239 002e 0B       		.uleb128 0xb
 1240 002f 0B       		.uleb128 0xb
 1241 0030 3E       		.uleb128 0x3e
 1242 0031 0B       		.uleb128 0xb
 1243 0032 00       		.byte	0x0
 1244 0033 00       		.byte	0x0
 1245 0034 05       		.uleb128 0x5
 1246 0035 0F       		.uleb128 0xf
 1247 0036 00       		.byte	0x0
 1248 0037 0B       		.uleb128 0xb
 1249 0038 0B       		.uleb128 0xb
 1250 0039 00       		.byte	0x0
 1251 003a 00       		.byte	0x0
 1252 003b 06       		.uleb128 0x6
 1253 003c 16       		.uleb128 0x16
 1254 003d 00       		.byte	0x0
 1255 003e 03       		.uleb128 0x3
 1256 003f 0E       		.uleb128 0xe
 1257 0040 3A       		.uleb128 0x3a
 1258 0041 0B       		.uleb128 0xb
 1259 0042 3B       		.uleb128 0x3b
 1260 0043 0B       		.uleb128 0xb
 1261 0044 49       		.uleb128 0x49
 1262 0045 13       		.uleb128 0x13
 1263 0046 00       		.byte	0x0
 1264 0047 00       		.byte	0x0
 1265 0048 07       		.uleb128 0x7
 1266 0049 13       		.uleb128 0x13
 1267 004a 01       		.byte	0x1
 1268 004b 0B       		.uleb128 0xb
 1269 004c 0B       		.uleb128 0xb
 1270 004d 3A       		.uleb128 0x3a
 1271 004e 0B       		.uleb128 0xb
 1272 004f 3B       		.uleb128 0x3b
 1273 0050 0B       		.uleb128 0xb
 1274 0051 01       		.uleb128 0x1
 1275 0052 13       		.uleb128 0x13
ARM GAS  C:\Users\Kojo\AppData\Local\Temp\ccPadc5g.s 			page 30


 1276 0053 00       		.byte	0x0
 1277 0054 00       		.byte	0x0
 1278 0055 08       		.uleb128 0x8
 1279 0056 0D       		.uleb128 0xd
 1280 0057 00       		.byte	0x0
 1281 0058 03       		.uleb128 0x3
 1282 0059 0E       		.uleb128 0xe
 1283 005a 3A       		.uleb128 0x3a
 1284 005b 0B       		.uleb128 0xb
 1285 005c 3B       		.uleb128 0x3b
 1286 005d 0B       		.uleb128 0xb
 1287 005e 49       		.uleb128 0x49
 1288 005f 13       		.uleb128 0x13
 1289 0060 38       		.uleb128 0x38
 1290 0061 0A       		.uleb128 0xa
 1291 0062 00       		.byte	0x0
 1292 0063 00       		.byte	0x0
 1293 0064 09       		.uleb128 0x9
 1294 0065 2E       		.uleb128 0x2e
 1295 0066 01       		.byte	0x1
 1296 0067 03       		.uleb128 0x3
 1297 0068 0E       		.uleb128 0xe
 1298 0069 3A       		.uleb128 0x3a
 1299 006a 0B       		.uleb128 0xb
 1300 006b 3B       		.uleb128 0x3b
 1301 006c 0B       		.uleb128 0xb
 1302 006d 27       		.uleb128 0x27
 1303 006e 0C       		.uleb128 0xc
 1304 006f 11       		.uleb128 0x11
 1305 0070 01       		.uleb128 0x1
 1306 0071 12       		.uleb128 0x12
 1307 0072 01       		.uleb128 0x1
 1308 0073 40       		.uleb128 0x40
 1309 0074 06       		.uleb128 0x6
 1310 0075 01       		.uleb128 0x1
 1311 0076 13       		.uleb128 0x13
 1312 0077 00       		.byte	0x0
 1313 0078 00       		.byte	0x0
 1314 0079 0A       		.uleb128 0xa
 1315 007a 05       		.uleb128 0x5
 1316 007b 00       		.byte	0x0
 1317 007c 03       		.uleb128 0x3
 1318 007d 0E       		.uleb128 0xe
 1319 007e 3A       		.uleb128 0x3a
 1320 007f 0B       		.uleb128 0xb
 1321 0080 3B       		.uleb128 0x3b
 1322 0081 0B       		.uleb128 0xb
 1323 0082 49       		.uleb128 0x49
 1324 0083 13       		.uleb128 0x13
 1325 0084 02       		.uleb128 0x2
 1326 0085 0A       		.uleb128 0xa
 1327 0086 00       		.byte	0x0
 1328 0087 00       		.byte	0x0
 1329 0088 0B       		.uleb128 0xb
 1330 0089 34       		.uleb128 0x34
 1331 008a 00       		.byte	0x0
 1332 008b 03       		.uleb128 0x3
ARM GAS  C:\Users\Kojo\AppData\Local\Temp\ccPadc5g.s 			page 31


 1333 008c 08       		.uleb128 0x8
 1334 008d 3A       		.uleb128 0x3a
 1335 008e 0B       		.uleb128 0xb
 1336 008f 3B       		.uleb128 0x3b
 1337 0090 0B       		.uleb128 0xb
 1338 0091 49       		.uleb128 0x49
 1339 0092 13       		.uleb128 0x13
 1340 0093 02       		.uleb128 0x2
 1341 0094 0A       		.uleb128 0xa
 1342 0095 00       		.byte	0x0
 1343 0096 00       		.byte	0x0
 1344 0097 0C       		.uleb128 0xc
 1345 0098 0B       		.uleb128 0xb
 1346 0099 01       		.byte	0x1
 1347 009a 11       		.uleb128 0x11
 1348 009b 01       		.uleb128 0x1
 1349 009c 12       		.uleb128 0x12
 1350 009d 01       		.uleb128 0x1
 1351 009e 00       		.byte	0x0
 1352 009f 00       		.byte	0x0
 1353 00a0 0D       		.uleb128 0xd
 1354 00a1 34       		.uleb128 0x34
 1355 00a2 00       		.byte	0x0
 1356 00a3 03       		.uleb128 0x3
 1357 00a4 0E       		.uleb128 0xe
 1358 00a5 3A       		.uleb128 0x3a
 1359 00a6 0B       		.uleb128 0xb
 1360 00a7 3B       		.uleb128 0x3b
 1361 00a8 0B       		.uleb128 0xb
 1362 00a9 49       		.uleb128 0x49
 1363 00aa 13       		.uleb128 0x13
 1364 00ab 02       		.uleb128 0x2
 1365 00ac 0A       		.uleb128 0xa
 1366 00ad 00       		.byte	0x0
 1367 00ae 00       		.byte	0x0
 1368 00af 0E       		.uleb128 0xe
 1369 00b0 35       		.uleb128 0x35
 1370 00b1 00       		.byte	0x0
 1371 00b2 49       		.uleb128 0x49
 1372 00b3 13       		.uleb128 0x13
 1373 00b4 00       		.byte	0x0
 1374 00b5 00       		.byte	0x0
 1375 00b6 0F       		.uleb128 0xf
 1376 00b7 0F       		.uleb128 0xf
 1377 00b8 00       		.byte	0x0
 1378 00b9 0B       		.uleb128 0xb
 1379 00ba 0B       		.uleb128 0xb
 1380 00bb 49       		.uleb128 0x49
 1381 00bc 13       		.uleb128 0x13
 1382 00bd 00       		.byte	0x0
 1383 00be 00       		.byte	0x0
 1384 00bf 10       		.uleb128 0x10
 1385 00c0 2E       		.uleb128 0x2e
 1386 00c1 01       		.byte	0x1
 1387 00c2 3F       		.uleb128 0x3f
 1388 00c3 0C       		.uleb128 0xc
 1389 00c4 03       		.uleb128 0x3
ARM GAS  C:\Users\Kojo\AppData\Local\Temp\ccPadc5g.s 			page 32


 1390 00c5 0E       		.uleb128 0xe
 1391 00c6 3A       		.uleb128 0x3a
 1392 00c7 0B       		.uleb128 0xb
 1393 00c8 3B       		.uleb128 0x3b
 1394 00c9 05       		.uleb128 0x5
 1395 00ca 27       		.uleb128 0x27
 1396 00cb 0C       		.uleb128 0xc
 1397 00cc 11       		.uleb128 0x11
 1398 00cd 01       		.uleb128 0x1
 1399 00ce 12       		.uleb128 0x12
 1400 00cf 01       		.uleb128 0x1
 1401 00d0 40       		.uleb128 0x40
 1402 00d1 06       		.uleb128 0x6
 1403 00d2 01       		.uleb128 0x1
 1404 00d3 13       		.uleb128 0x13
 1405 00d4 00       		.byte	0x0
 1406 00d5 00       		.byte	0x0
 1407 00d6 11       		.uleb128 0x11
 1408 00d7 34       		.uleb128 0x34
 1409 00d8 00       		.byte	0x0
 1410 00d9 03       		.uleb128 0x3
 1411 00da 0E       		.uleb128 0xe
 1412 00db 3A       		.uleb128 0x3a
 1413 00dc 0B       		.uleb128 0xb
 1414 00dd 3B       		.uleb128 0x3b
 1415 00de 05       		.uleb128 0x5
 1416 00df 49       		.uleb128 0x49
 1417 00e0 13       		.uleb128 0x13
 1418 00e1 02       		.uleb128 0x2
 1419 00e2 0A       		.uleb128 0xa
 1420 00e3 00       		.byte	0x0
 1421 00e4 00       		.byte	0x0
 1422 00e5 12       		.uleb128 0x12
 1423 00e6 05       		.uleb128 0x5
 1424 00e7 00       		.byte	0x0
 1425 00e8 03       		.uleb128 0x3
 1426 00e9 0E       		.uleb128 0xe
 1427 00ea 3A       		.uleb128 0x3a
 1428 00eb 0B       		.uleb128 0xb
 1429 00ec 3B       		.uleb128 0x3b
 1430 00ed 05       		.uleb128 0x5
 1431 00ee 49       		.uleb128 0x49
 1432 00ef 13       		.uleb128 0x13
 1433 00f0 02       		.uleb128 0x2
 1434 00f1 0A       		.uleb128 0xa
 1435 00f2 00       		.byte	0x0
 1436 00f3 00       		.byte	0x0
 1437 00f4 13       		.uleb128 0x13
 1438 00f5 34       		.uleb128 0x34
 1439 00f6 00       		.byte	0x0
 1440 00f7 03       		.uleb128 0x3
 1441 00f8 08       		.uleb128 0x8
 1442 00f9 3A       		.uleb128 0x3a
 1443 00fa 0B       		.uleb128 0xb
 1444 00fb 3B       		.uleb128 0x3b
 1445 00fc 05       		.uleb128 0x5
 1446 00fd 49       		.uleb128 0x49
ARM GAS  C:\Users\Kojo\AppData\Local\Temp\ccPadc5g.s 			page 33


 1447 00fe 13       		.uleb128 0x13
 1448 00ff 02       		.uleb128 0x2
 1449 0100 0A       		.uleb128 0xa
 1450 0101 00       		.byte	0x0
 1451 0102 00       		.byte	0x0
 1452 0103 14       		.uleb128 0x14
 1453 0104 26       		.uleb128 0x26
 1454 0105 00       		.byte	0x0
 1455 0106 49       		.uleb128 0x49
 1456 0107 13       		.uleb128 0x13
 1457 0108 00       		.byte	0x0
 1458 0109 00       		.byte	0x0
 1459 010a 15       		.uleb128 0x15
 1460 010b 01       		.uleb128 0x1
 1461 010c 01       		.byte	0x1
 1462 010d 49       		.uleb128 0x49
 1463 010e 13       		.uleb128 0x13
 1464 010f 01       		.uleb128 0x1
 1465 0110 13       		.uleb128 0x13
 1466 0111 00       		.byte	0x0
 1467 0112 00       		.byte	0x0
 1468 0113 16       		.uleb128 0x16
 1469 0114 21       		.uleb128 0x21
 1470 0115 00       		.byte	0x0
 1471 0116 49       		.uleb128 0x49
 1472 0117 13       		.uleb128 0x13
 1473 0118 2F       		.uleb128 0x2f
 1474 0119 0B       		.uleb128 0xb
 1475 011a 00       		.byte	0x0
 1476 011b 00       		.byte	0x0
 1477 011c 00       		.byte	0x0
 1478              		.section	.debug_pubnames,"",%progbits
 1479 0000 4E000000 		.4byte	0x4e
 1480 0004 0200     		.2byte	0x2
 1481 0006 00000000 		.4byte	.Ldebug_info0
 1482 000a A1020000 		.4byte	0x2a1
 1483 000e C2010000 		.4byte	0x1c2
 1484 0012 416E616C 		.ascii	"AnalogSetDefault\000"
 1484      6F675365 
 1484      74446566 
 1484      61756C74 
 1484      00
 1485 0023 EC010000 		.4byte	0x1ec
 1486 0027 53657441 		.ascii	"SetAnalogRoutingPumps\000"
 1486      6E616C6F 
 1486      67526F75 
 1486      74696E67 
 1486      50756D70 
 1487 003d 25020000 		.4byte	0x225
 1488 0041 63796669 		.ascii	"cyfitter_cfg\000"
 1488      74746572 
 1488      5F636667 
 1488      00
 1489 004e 00000000 		.4byte	0x0
 1490              		.section	.debug_aranges,"",%progbits
 1491 0000 44000000 		.4byte	0x44
 1492 0004 0200     		.2byte	0x2
ARM GAS  C:\Users\Kojo\AppData\Local\Temp\ccPadc5g.s 			page 34


 1493 0006 00000000 		.4byte	.Ldebug_info0
 1494 000a 04       		.byte	0x4
 1495 000b 00       		.byte	0x0
 1496 000c 0000     		.2byte	0x0
 1497 000e 0000     		.2byte	0x0
 1498 0010 00000000 		.4byte	.LFB0
 1499 0014 0C000000 		.4byte	.LFE0-.LFB0
 1500 0018 00000000 		.4byte	.LFB1
 1501 001c 92000000 		.4byte	.LFE1-.LFB1
 1502 0020 00000000 		.4byte	.LFB2
 1503 0024 AA010000 		.4byte	.LFE2-.LFB2
 1504 0028 00000000 		.4byte	.LFB3
 1505 002c D8000000 		.4byte	.LFE3-.LFB3
 1506 0030 00000000 		.4byte	.LFB4
 1507 0034 44000000 		.4byte	.LFE4-.LFB4
 1508 0038 00000000 		.4byte	.LFB5
 1509 003c D8010000 		.4byte	.LFE5-.LFB5
 1510 0040 00000000 		.4byte	0x0
 1511 0044 00000000 		.4byte	0x0
 1512              		.section	.debug_ranges,"",%progbits
 1513              	.Ldebug_ranges0:
 1514 0000 00000000 		.4byte	.Ltext0
 1515 0004 00000000 		.4byte	.Letext0
 1516 0008 00000000 		.4byte	.LFB0
 1517 000c 0C000000 		.4byte	.LFE0
 1518 0010 00000000 		.4byte	.LFB1
 1519 0014 92000000 		.4byte	.LFE1
 1520 0018 00000000 		.4byte	.LFB2
 1521 001c AA010000 		.4byte	.LFE2
 1522 0020 00000000 		.4byte	.LFB3
 1523 0024 D8000000 		.4byte	.LFE3
 1524 0028 00000000 		.4byte	.LFB4
 1525 002c 44000000 		.4byte	.LFE4
 1526 0030 00000000 		.4byte	.LFB5
 1527 0034 D8010000 		.4byte	.LFE5
 1528 0038 00000000 		.4byte	0x0
 1529 003c 00000000 		.4byte	0x0
 1530              		.section	.debug_str,"MS",%progbits,1
 1531              	.LASF5:
 1532 0000 6C6F6E67 		.ascii	"long long int\000"
 1532      206C6F6E 
 1532      6720696E 
 1532      7400
 1533              	.LASF27:
 1534 000e 416E616C 		.ascii	"AnalogSetDefault\000"
 1534      6F675365 
 1534      74446566 
 1534      61756C74 
 1534      00
 1535              	.LASF17:
 1536 001f 76616C75 		.ascii	"value\000"
 1536      6500
 1537              	.LASF21:
 1538 0025 636F756E 		.ascii	"count\000"
 1538      7400
 1539              	.LASF22:
 1540 002b 436C6F63 		.ascii	"ClockSetup\000"
ARM GAS  C:\Users\Kojo\AppData\Local\Temp\ccPadc5g.s 			page 35


 1540      6B536574 
 1540      757000
 1541              	.LASF3:
 1542 0036 73686F72 		.ascii	"short unsigned int\000"
 1542      7420756E 
 1542      7369676E 
 1542      65642069 
 1542      6E7400
 1543              	.LASF25:
 1544 0049 706C6C4C 		.ascii	"pllLock\000"
 1544      6F636B00 
 1545              	.LASF18:
 1546 0051 4379436C 		.ascii	"CyClockStartupError\000"
 1546      6F636B53 
 1546      74617274 
 1546      75704572 
 1546      726F7200 
 1547              	.LASF33:
 1548 0065 6366675F 		.ascii	"cfg_memset_list\000"
 1548      6D656D73 
 1548      65745F6C 
 1548      69737400 
 1549              	.LASF14:
 1550 0075 73697A65 		.ascii	"size\000"
 1550      00
 1551              	.LASF8:
 1552 007a 6C6F6E67 		.ascii	"long unsigned int\000"
 1552      20756E73 
 1552      69676E65 
 1552      6420696E 
 1552      7400
 1553              	.LASF10:
 1554 008c 75696E74 		.ascii	"uint8\000"
 1554      3800
 1555              	.LASF32:
 1556 0092 63796669 		.ascii	"cyfitter_cfg\000"
 1556      74746572 
 1556      5F636667 
 1556      00
 1557              	.LASF28:
 1558 009f 53657441 		.ascii	"SetAnalogRoutingPumps\000"
 1558      6E616C6F 
 1558      67526F75 
 1558      74696E67 
 1558      50756D70 
 1559              	.LASF1:
 1560 00b5 756E7369 		.ascii	"unsigned char\000"
 1560      676E6564 
 1560      20636861 
 1560      7200
 1561              	.LASF24:
 1562 00c3 74696D65 		.ascii	"timeout_p\000"
 1562      6F75745F 
 1562      7000
 1563              	.LASF19:
 1564 00cd 6366675F 		.ascii	"cfg_write_bytes32\000"
 1564      77726974 
ARM GAS  C:\Users\Kojo\AppData\Local\Temp\ccPadc5g.s 			page 36


 1564      655F6279 
 1564      74657333 
 1564      3200
 1565              	.LASF11:
 1566 00df 75696E74 		.ascii	"uint16\000"
 1566      313600
 1567              	.LASF36:
 1568 00e6 433A5C55 		.ascii	"C:\\Users\\Kojo\\Code\\GlowProcessing\\Glow.cydsn\000"
 1568      73657273 
 1568      5C4B6F6A 
 1568      6F5C436F 
 1568      64655C47 
 1569              	.LASF29:
 1570 0113 6572726F 		.ascii	"errorCode\000"
 1570      72436F64 
 1570      6500
 1571              	.LASF12:
 1572 011d 75696E74 		.ascii	"uint32\000"
 1572      333200
 1573              	.LASF4:
 1574 0124 756E7369 		.ascii	"unsigned int\000"
 1574      676E6564 
 1574      20696E74 
 1574      00
 1575              	.LASF13:
 1576 0131 61646472 		.ascii	"address\000"
 1576      65737300 
 1577              	.LASF6:
 1578 0139 6C6F6E67 		.ascii	"long long unsigned int\000"
 1578      206C6F6E 
 1578      6720756E 
 1578      7369676E 
 1578      65642069 
 1579              	.LASF15:
 1580 0150 6366675F 		.ascii	"cfg_memset_t\000"
 1580      6D656D73 
 1580      65745F74 
 1580      00
 1581              	.LASF20:
 1582 015d 62617365 		.ascii	"baseAddr\000"
 1582      41646472 
 1582      00
 1583              	.LASF34:
 1584 0166 474E5520 		.ascii	"GNU C 4.4.1\000"
 1584      4320342E 
 1584      342E3100 
 1585              	.LASF23:
 1586 0172 74696D65 		.ascii	"timeout\000"
 1586      6F757400 
 1587              	.LASF16:
 1588 017a 6F666673 		.ascii	"offset\000"
 1588      657400
 1589              	.LASF30:
 1590 0181 656E6162 		.ascii	"enabled\000"
 1590      6C656400 
 1591              	.LASF2:
 1592 0189 73686F72 		.ascii	"short int\000"
ARM GAS  C:\Users\Kojo\AppData\Local\Temp\ccPadc5g.s 			page 37


 1592      7420696E 
 1592      7400
 1593              	.LASF35:
 1594 0193 2E5C4765 		.ascii	".\\Generated_Source\\PSoC5\\cyfitter_cfg.c\000"
 1594      6E657261 
 1594      7465645F 
 1594      536F7572 
 1594      63655C50 
 1595              	.LASF7:
 1596 01bb 6C6F6E67 		.ascii	"long int\000"
 1596      20696E74 
 1596      00
 1597              	.LASF9:
 1598 01c4 63686172 		.ascii	"char\000"
 1598      00
 1599              	.LASF26:
 1600 01c9 62675F78 		.ascii	"bg_xover_inl_trim\000"
 1600      6F766572 
 1600      5F696E6C 
 1600      5F747269 
 1600      6D00
 1601              	.LASF0:
 1602 01db 7369676E 		.ascii	"signed char\000"
 1602      65642063 
 1602      68617200 
 1603              	.LASF31:
 1604 01e7 72656756 		.ascii	"regValue\000"
 1604      616C7565 
 1604      00
 1605              		.ident	"GCC: (Sourcery G++ Lite 2010q1-188) 4.4.1"
