ARM GAS  C:\Users\Kojo\AppData\Local\Temp\ccToyyFd.s 			page 1


   1              		.syntax unified
   2              		.cpu cortex-m3
   3              		.fpu softvfp
   4              		.eabi_attribute 20, 1
   5              		.eabi_attribute 21, 1
   6              		.eabi_attribute 23, 3
   7              		.eabi_attribute 24, 1
   8              		.eabi_attribute 25, 1
   9              		.eabi_attribute 26, 1
  10              		.eabi_attribute 30, 6
  11              		.eabi_attribute 18, 4
  12              		.thumb
  13              		.file	"main.c"
  14              		.section	.debug_abbrev,"",%progbits
  15              	.Ldebug_abbrev0:
  16              		.section	.debug_info,"",%progbits
  17              	.Ldebug_info0:
  18              		.section	.debug_line,"",%progbits
  19              	.Ldebug_line0:
  20 0000 DE000000 		.text
  20      02005300 
  20      00000201 
  20      FB0E0D00 
  20      01010101 
  21              	.Ltext0:
  22              		.cfi_sections	.debug_frame
  23              		.global	adcResult
  24              		.bss
  25              		.align	1
  26              		.type	adcResult, %object
  27              		.size	adcResult, 2
  28              	adcResult:
  29 0000 0000     		.space	2
  30              		.comm	adcValues,16,4
  31              		.section	.text.RX_INT,"ax",%progbits
  32              		.align	2
  33              		.global	RX_INT
  34              		.thumb
  35              		.thumb_func
  36              		.type	RX_INT, %function
  37              	RX_INT:
  38              	.LFB29:
  39              		.file 1 ".\\main.c"
   1:.\main.c      **** #include <device.h>
   2:.\main.c      **** 
   3:.\main.c      **** // Mat constants
   4:.\main.c      **** #define HEIGHT (4)
   5:.\main.c      **** #define WIDTH (4)
   6:.\main.c      **** #define MAT_SIZE (16)
   7:.\main.c      **** 
   8:.\main.c      **** // Serial Communcation Constants
   9:.\main.c      **** #define SERIAL_START_CHAR ('A')
  10:.\main.c      **** #define FIRST_SERIAL_RECEIVE_CHAR ('B') 
  11:.\main.c      **** #define FINAL_SERIAL_RECEIVE_CHAR (10)  // Linefeed in ASCII
  12:.\main.c      **** 
  13:.\main.c      **** // ADC constnats 
  14:.\main.c      **** #define ADC_GAIN (100)
ARM GAS  C:\Users\Kojo\AppData\Local\Temp\ccToyyFd.s 			page 2


  15:.\main.c      **** 
  16:.\main.c      **** // ADC members
  17:.\main.c      **** uint16 adcResult = 0;
  18:.\main.c      **** uint8 adcValues [HEIGHT * WIDTH];
  19:.\main.c      **** 
  20:.\main.c      **** CY_ISR(RX_INT) {
  40              		.loc 1 20 0
  41              		.cfi_startproc
  42              		@ args = 0, pretend = 0, frame = 8
  43              		@ frame_needed = 1, uses_anonymous_args = 0
  44 0000 80B5     		push	{r7, lr}
  45              	.LCFI0:
  46              		.cfi_def_cfa_offset 8
  47 0002 82B0     		sub	sp, sp, #8
  48              	.LCFI1:
  49              		.cfi_def_cfa_offset 16
  50 0004 00AF     		add	r7, sp, #0
  51              		.cfi_offset 14, -4
  52              		.cfi_offset 7, -8
  53              	.LCFI2:
  54              		.cfi_def_cfa_register 7
  21:.\main.c      ****     uint8 input = UART_ReadRxData();
  55              		.loc 1 21 0
  56 0006 FFF7FEFF 		bl	UART_ReadRxData
  57 000a 0346     		mov	r3, r0
  58 000c FB71     		strb	r3, [r7, #7]
  22:.\main.c      ****     //LCD_PutChar(input);     // RX ISR
  23:.\main.c      ****     processRX(input);
  59              		.loc 1 23 0
  60 000e FB79     		ldrb	r3, [r7, #7]	@ zero_extendqisi2
  61 0010 1846     		mov	r0, r3
  62 0012 FFF7FEFF 		bl	processRX
  24:.\main.c      **** }
  63              		.loc 1 24 0
  64 0016 07F10807 		add	r7, r7, #8
  65 001a BD46     		mov	sp, r7
  66 001c 80BD     		pop	{r7, pc}
  67              		.cfi_endproc
  68              	.LFE29:
  69              		.size	RX_INT, .-RX_INT
  70 001e 00BF     		.section	.text.init,"ax",%progbits
  71              		.align	2
  72              		.global	init
  73              		.thumb
  74              		.thumb_func
  75              		.type	init, %function
  76              	init:
  77              	.LFB30:
  25:.\main.c      **** 
  26:.\main.c      **** void init() {
  78              		.loc 1 26 0
  79              		.cfi_startproc
  80              		@ args = 0, pretend = 0, frame = 0
  81              		@ frame_needed = 1, uses_anonymous_args = 0
  82 0000 80B5     		push	{r7, lr}
  83              	.LCFI3:
  84              		.cfi_def_cfa_offset 8
ARM GAS  C:\Users\Kojo\AppData\Local\Temp\ccToyyFd.s 			page 3


  85 0002 00AF     		add	r7, sp, #0
  86              		.cfi_offset 14, -4
  87              		.cfi_offset 7, -8
  88              	.LCFI4:
  89              		.cfi_def_cfa_register 7
  27:.\main.c      **** 	LCD_Start();					    // initialize lcd
  90              		.loc 1 27 0
  91 0004 FFF7FEFF 		bl	LCD_Start
  28:.\main.c      **** 	LCD_ClearDisplay();
  92              		.loc 1 28 0
  93 0008 4FF00100 		mov	r0, #1
  94 000c FFF7FEFF 		bl	LCD_WriteControl
  29:.\main.c      ****     
  30:.\main.c      ****     CyGlobalIntEnable;
  95              		.loc 1 30 0
  96              	@ 30 ".\main.c" 1
  97 0010 62B6     		CPSIE   i
  98              	@ 0 "" 2
  31:.\main.c      ****     rx_int_StartEx(RX_INT);             // start RX interrupt (look for CY_ISR with RX_INT address)
  99              		.loc 1 31 0
 100              		.thumb
 101 0012 40F20000 		movw	r0, #:lower16:RX_INT
 102 0016 C0F20000 		movt	r0, #:upper16:RX_INT
 103 001a FFF7FEFF 		bl	rx_int_StartEx
  32:.\main.c      ****                                         // for code that writes received bytes to LCD.
  33:.\main.c      ****     
  34:.\main.c      ****     UART_Start();                       // initialize UART
 104              		.loc 1 34 0
 105 001e FFF7FEFF 		bl	UART_Start
  35:.\main.c      ****     UART_ClearRxBuffer();
 106              		.loc 1 35 0
 107 0022 FFF7FEFF 		bl	UART_ClearRxBuffer
  36:.\main.c      ****     
  37:.\main.c      ****     // Init Electronic Components
  38:.\main.c      ****     PGA_1_Start();
 108              		.loc 1 38 0
 109 0026 FFF7FEFF 		bl	PGA_1_Start
  39:.\main.c      ****     VDAC8_1_Start();
 110              		.loc 1 39 0
 111 002a FFF7FEFF 		bl	VDAC8_1_Start
  40:.\main.c      ****     PGA_2_Start();
 112              		.loc 1 40 0
 113 002e FFF7FEFF 		bl	PGA_2_Start
  41:.\main.c      ****     IDAC8_1_Start();
 114              		.loc 1 41 0
 115 0032 FFF7FEFF 		bl	IDAC8_1_Start
  42:.\main.c      ****     ADC_SAR_1_Start();
 116              		.loc 1 42 0
 117 0036 FFF7FEFF 		bl	ADC_SAR_1_Start
  43:.\main.c      ****     ADC_SAR_1_StartConvert();
 118              		.loc 1 43 0
 119 003a FFF7FEFF 		bl	ADC_SAR_1_StartConvert
  44:.\main.c      **** }
 120              		.loc 1 44 0
 121 003e 80BD     		pop	{r7, pc}
 122              		.cfi_endproc
 123              	.LFE30:
ARM GAS  C:\Users\Kojo\AppData\Local\Temp\ccToyyFd.s 			page 4


 124              		.size	init, .-init
 125              		.section	.text.crlf,"ax",%progbits
 126              		.align	2
 127              		.global	crlf
 128              		.thumb
 129              		.thumb_func
 130              		.type	crlf, %function
 131              	crlf:
 132              	.LFB31:
  45:.\main.c      **** 
  46:.\main.c      **** 
  47:.\main.c      **** void crlf(){   
 133              		.loc 1 47 0
 134              		.cfi_startproc
 135              		@ args = 0, pretend = 0, frame = 0
 136              		@ frame_needed = 1, uses_anonymous_args = 0
 137 0000 80B5     		push	{r7, lr}
 138              	.LCFI5:
 139              		.cfi_def_cfa_offset 8
 140 0002 00AF     		add	r7, sp, #0
 141              		.cfi_offset 14, -4
 142              		.cfi_offset 7, -8
 143              	.LCFI6:
 144              		.cfi_def_cfa_register 7
  48:.\main.c      ****     UART_PutChar(10);
 145              		.loc 1 48 0
 146 0004 4FF00A00 		mov	r0, #10
 147 0008 FFF7FEFF 		bl	UART_PutChar
  49:.\main.c      ****     UART_PutChar(13);
 148              		.loc 1 49 0
 149 000c 4FF00D00 		mov	r0, #13
 150 0010 FFF7FEFF 		bl	UART_PutChar
  50:.\main.c      **** }
 151              		.loc 1 50 0
 152 0014 80BD     		pop	{r7, pc}
 153              		.cfi_endproc
 154              	.LFE31:
 155              		.size	crlf, .-crlf
 156 0016 00BF     		.section	.text.main,"ax",%progbits
 157              		.align	2
 158              		.global	main
 159              		.thumb
 160              		.thumb_func
 161              		.type	main, %function
 162              	main:
 163              	.LFB32:
  51:.\main.c      **** 
  52:.\main.c      **** 
  53:.\main.c      **** void main() {	
 164              		.loc 1 53 0
 165              		.cfi_startproc
 166              		@ args = 0, pretend = 0, frame = 0
 167              		@ frame_needed = 1, uses_anonymous_args = 0
 168 0000 80B5     		push	{r7, lr}
 169              	.LCFI7:
 170              		.cfi_def_cfa_offset 8
 171 0002 00AF     		add	r7, sp, #0
ARM GAS  C:\Users\Kojo\AppData\Local\Temp\ccToyyFd.s 			page 5


 172              		.cfi_offset 14, -4
 173              		.cfi_offset 7, -8
 174              	.LCFI8:
 175              		.cfi_def_cfa_register 7
  54:.\main.c      ****     init();
 176              		.loc 1 54 0
 177 0004 FFF7FEFF 		bl	init
 178              	.L8:
  55:.\main.c      ****     // Main process loop.
  56:.\main.c      ****     while(1) {
  57:.\main.c      ****         // Read ADC inputs
  58:.\main.c      ****         processMat();
 179              		.loc 1 58 0
 180 0008 FFF7FEFF 		bl	processMat
  59:.\main.c      ****     }
 181              		.loc 1 59 0
 182 000c FCE7     		b	.L8
 183              		.cfi_endproc
 184              	.LFE32:
 185              		.size	main, .-main
 186 000e 00BF     		.section	.text.processRX,"ax",%progbits
 187              		.align	2
 188              		.global	processRX
 189              		.thumb
 190              		.thumb_func
 191              		.type	processRX, %function
 192              	processRX:
 193              	.LFB33:
  60:.\main.c      **** }
  61:.\main.c      **** 
  62:.\main.c      **** 
  63:.\main.c      **** void processRX(uint8 input) {
 194              		.loc 1 63 0
 195              		.cfi_startproc
 196              		@ args = 0, pretend = 0, frame = 16
 197              		@ frame_needed = 1, uses_anonymous_args = 0
 198 0000 80B5     		push	{r7, lr}
 199              	.LCFI9:
 200              		.cfi_def_cfa_offset 8
 201 0002 84B0     		sub	sp, sp, #16
 202              	.LCFI10:
 203              		.cfi_def_cfa_offset 24
 204 0004 00AF     		add	r7, sp, #0
 205              		.cfi_offset 14, -4
 206              		.cfi_offset 7, -8
 207              	.LCFI11:
 208              		.cfi_def_cfa_register 7
 209 0006 0346     		mov	r3, r0
 210 0008 FB71     		strb	r3, [r7, #7]
  64:.\main.c      ****     // Only start sending values if receive start char
  65:.\main.c      ****     if (input != SERIAL_START_CHAR) {
 211              		.loc 1 65 0
 212 000a FB79     		ldrb	r3, [r7, #7]	@ zero_extendqisi2
 213 000c 412B     		cmp	r3, #65
 214 000e 1CD1     		bne	.L16
 215              	.L11:
  66:.\main.c      ****         return;
ARM GAS  C:\Users\Kojo\AppData\Local\Temp\ccToyyFd.s 			page 6


  67:.\main.c      ****     }
  68:.\main.c      ****     
  69:.\main.c      ****     // Send start char of sequence
  70:.\main.c      ****     UART_PutChar(FIRST_SERIAL_RECEIVE_CHAR);
 216              		.loc 1 70 0
 217 0010 4FF04200 		mov	r0, #66
 218 0014 FFF7FEFF 		bl	UART_PutChar
  71:.\main.c      **** 
  72:.\main.c      ****     // Send payload data
  73:.\main.c      ****     int i;
  74:.\main.c      ****     for (i = 0; i < MAT_SIZE; ++i) {
 219              		.loc 1 74 0
 220 0018 4FF00003 		mov	r3, #0
 221 001c FB60     		str	r3, [r7, #12]
 222 001e 0CE0     		b	.L13
 223              	.L14:
  75:.\main.c      ****         UART_PutChar(adcValues[i]);
 224              		.loc 1 75 0
 225 0020 FA68     		ldr	r2, [r7, #12]
 226 0022 40F20003 		movw	r3, #:lower16:adcValues
 227 0026 C0F20003 		movt	r3, #:upper16:adcValues
 228 002a 9B5C     		ldrb	r3, [r3, r2]	@ zero_extendqisi2
 229 002c 1846     		mov	r0, r3
 230 002e FFF7FEFF 		bl	UART_PutChar
 231              		.loc 1 74 0
 232 0032 FB68     		ldr	r3, [r7, #12]
 233 0034 03F10103 		add	r3, r3, #1
 234 0038 FB60     		str	r3, [r7, #12]
 235              	.L13:
 236 003a FB68     		ldr	r3, [r7, #12]
 237 003c 0F2B     		cmp	r3, #15
 238 003e EFDD     		ble	.L14
  76:.\main.c      ****         //UART_PutChar(0xF0 * i);
  77:.\main.c      ****     }
  78:.\main.c      **** 
  79:.\main.c      ****     // Send final char of sequence
  80:.\main.c      ****     UART_PutChar(FINAL_SERIAL_RECEIVE_CHAR);
 239              		.loc 1 80 0
 240 0040 4FF00A00 		mov	r0, #10
 241 0044 FFF7FEFF 		bl	UART_PutChar
 242 0048 00E0     		b	.L15
 243              	.L16:
 244              		.loc 1 66 0
 245 004a 00BF     		nop
 246              	.L15:
  81:.\main.c      **** }
 247              		.loc 1 81 0
 248 004c 07F11007 		add	r7, r7, #16
 249 0050 BD46     		mov	sp, r7
 250 0052 80BD     		pop	{r7, pc}
 251              		.cfi_endproc
 252              	.LFE33:
 253              		.size	processRX, .-processRX
 254              		.section	.text.processMat,"ax",%progbits
 255              		.align	2
 256              		.global	processMat
 257              		.thumb
ARM GAS  C:\Users\Kojo\AppData\Local\Temp\ccToyyFd.s 			page 7


 258              		.thumb_func
 259              		.type	processMat, %function
 260              	processMat:
 261              	.LFB34:
  82:.\main.c      **** 
  83:.\main.c      **** void processMat() {
 262              		.loc 1 83 0
 263              		.cfi_startproc
 264              		@ args = 0, pretend = 0, frame = 8
 265              		@ frame_needed = 1, uses_anonymous_args = 0
 266 0000 80B5     		push	{r7, lr}
 267              	.LCFI12:
 268              		.cfi_def_cfa_offset 8
 269 0002 82B0     		sub	sp, sp, #8
 270              	.LCFI13:
 271              		.cfi_def_cfa_offset 16
 272 0004 00AF     		add	r7, sp, #0
 273              		.cfi_offset 14, -4
 274              		.cfi_offset 7, -8
 275              	.LCFI14:
 276              		.cfi_def_cfa_register 7
  84:.\main.c      ****     ADC_SAR_1_IsEndConversion(1);
 277              		.loc 1 84 0
 278 0006 4FF00100 		mov	r0, #1
 279 000a FFF7FEFF 		bl	ADC_SAR_1_IsEndConversion
  85:.\main.c      ****     adcResult = ADC_SAR_1_GetResult16();
 280              		.loc 1 85 0
 281 000e FFF7FEFF 		bl	ADC_SAR_1_GetResult16
 282 0012 0346     		mov	r3, r0
 283 0014 9BB2     		uxth	r3, r3
 284 0016 9AB2     		uxth	r2, r3
 285 0018 40F20003 		movw	r3, #:lower16:adcResult
 286 001c C0F20003 		movt	r3, #:upper16:adcResult
 287 0020 1A80     		strh	r2, [r3, #0]	@ movhi
  86:.\main.c      ****     LCD_ClearDisplay();
 288              		.loc 1 86 0
 289 0022 4FF00100 		mov	r0, #1
 290 0026 FFF7FEFF 		bl	LCD_WriteControl
  87:.\main.c      ****     LCD_PutChar(adcResult);     // RX ISR
 291              		.loc 1 87 0
 292 002a 40F20003 		movw	r3, #:lower16:adcResult
 293 002e C0F20003 		movt	r3, #:upper16:adcResult
 294 0032 1B88     		ldrh	r3, [r3, #0]
 295 0034 DBB2     		uxtb	r3, r3
 296 0036 1846     		mov	r0, r3
 297 0038 FFF7FEFF 		bl	LCD_PutChar
  88:.\main.c      ****     int i;
  89:.\main.c      ****     for (i = 0; i < MAT_SIZE; ++i) {
 298              		.loc 1 89 0
 299 003c 4FF00003 		mov	r3, #0
 300 0040 7B60     		str	r3, [r7, #4]
 301 0042 0FE0     		b	.L18
 302              	.L19:
  90:.\main.c      ****         adcValues[i] = adcResult;
 303              		.loc 1 90 0
 304 0044 7A68     		ldr	r2, [r7, #4]
 305 0046 40F20003 		movw	r3, #:lower16:adcResult
ARM GAS  C:\Users\Kojo\AppData\Local\Temp\ccToyyFd.s 			page 8


 306 004a C0F20003 		movt	r3, #:upper16:adcResult
 307 004e 1B88     		ldrh	r3, [r3, #0]
 308 0050 D9B2     		uxtb	r1, r3
 309 0052 40F20003 		movw	r3, #:lower16:adcValues
 310 0056 C0F20003 		movt	r3, #:upper16:adcValues
 311 005a 9954     		strb	r1, [r3, r2]
 312              		.loc 1 89 0
 313 005c 7B68     		ldr	r3, [r7, #4]
 314 005e 03F10103 		add	r3, r3, #1
 315 0062 7B60     		str	r3, [r7, #4]
 316              	.L18:
 317 0064 7B68     		ldr	r3, [r7, #4]
 318 0066 0F2B     		cmp	r3, #15
 319 0068 ECDD     		ble	.L19
  91:.\main.c      ****     }
  92:.\main.c      **** }
 320              		.loc 1 92 0
 321 006a 07F10807 		add	r7, r7, #8
 322 006e BD46     		mov	sp, r7
 323 0070 80BD     		pop	{r7, pc}
 324              		.cfi_endproc
 325              	.LFE34:
 326              		.size	processMat, .-processMat
 327 0072 00BF     		.text
 328              	.Letext0:
 329              		.section	.debug_loc,"",%progbits
 330              	.Ldebug_loc0:
 331              	.LLST0:
 332 0000 00000000 		.4byte	.LFB29
 333 0004 02000000 		.4byte	.LCFI0
 334 0008 0100     		.2byte	0x1
 335 000a 5D       		.byte	0x5d
 336 000b 02000000 		.4byte	.LCFI0
 337 000f 04000000 		.4byte	.LCFI1
 338 0013 0200     		.2byte	0x2
 339 0015 7D       		.byte	0x7d
 340 0016 08       		.sleb128 8
 341 0017 04000000 		.4byte	.LCFI1
 342 001b 06000000 		.4byte	.LCFI2
 343 001f 0200     		.2byte	0x2
 344 0021 7D       		.byte	0x7d
 345 0022 10       		.sleb128 16
 346 0023 06000000 		.4byte	.LCFI2
 347 0027 1E000000 		.4byte	.LFE29
 348 002b 0200     		.2byte	0x2
 349 002d 77       		.byte	0x77
 350 002e 10       		.sleb128 16
 351 002f 00000000 		.4byte	0x0
 352 0033 00000000 		.4byte	0x0
 353              	.LLST1:
 354 0037 00000000 		.4byte	.LFB30
 355 003b 02000000 		.4byte	.LCFI3
 356 003f 0100     		.2byte	0x1
 357 0041 5D       		.byte	0x5d
 358 0042 02000000 		.4byte	.LCFI3
 359 0046 04000000 		.4byte	.LCFI4
 360 004a 0200     		.2byte	0x2
ARM GAS  C:\Users\Kojo\AppData\Local\Temp\ccToyyFd.s 			page 9


 361 004c 7D       		.byte	0x7d
 362 004d 08       		.sleb128 8
 363 004e 04000000 		.4byte	.LCFI4
 364 0052 40000000 		.4byte	.LFE30
 365 0056 0200     		.2byte	0x2
 366 0058 77       		.byte	0x77
 367 0059 08       		.sleb128 8
 368 005a 00000000 		.4byte	0x0
 369 005e 00000000 		.4byte	0x0
 370              	.LLST2:
 371 0062 00000000 		.4byte	.LFB31
 372 0066 02000000 		.4byte	.LCFI5
 373 006a 0100     		.2byte	0x1
 374 006c 5D       		.byte	0x5d
 375 006d 02000000 		.4byte	.LCFI5
 376 0071 04000000 		.4byte	.LCFI6
 377 0075 0200     		.2byte	0x2
 378 0077 7D       		.byte	0x7d
 379 0078 08       		.sleb128 8
 380 0079 04000000 		.4byte	.LCFI6
 381 007d 16000000 		.4byte	.LFE31
 382 0081 0200     		.2byte	0x2
 383 0083 77       		.byte	0x77
 384 0084 08       		.sleb128 8
 385 0085 00000000 		.4byte	0x0
 386 0089 00000000 		.4byte	0x0
 387              	.LLST3:
 388 008d 00000000 		.4byte	.LFB32
 389 0091 02000000 		.4byte	.LCFI7
 390 0095 0100     		.2byte	0x1
 391 0097 5D       		.byte	0x5d
 392 0098 02000000 		.4byte	.LCFI7
 393 009c 04000000 		.4byte	.LCFI8
 394 00a0 0200     		.2byte	0x2
 395 00a2 7D       		.byte	0x7d
 396 00a3 08       		.sleb128 8
 397 00a4 04000000 		.4byte	.LCFI8
 398 00a8 0E000000 		.4byte	.LFE32
 399 00ac 0200     		.2byte	0x2
 400 00ae 77       		.byte	0x77
 401 00af 08       		.sleb128 8
 402 00b0 00000000 		.4byte	0x0
 403 00b4 00000000 		.4byte	0x0
 404              	.LLST4:
 405 00b8 00000000 		.4byte	.LFB33
 406 00bc 02000000 		.4byte	.LCFI9
 407 00c0 0100     		.2byte	0x1
 408 00c2 5D       		.byte	0x5d
 409 00c3 02000000 		.4byte	.LCFI9
 410 00c7 04000000 		.4byte	.LCFI10
 411 00cb 0200     		.2byte	0x2
 412 00cd 7D       		.byte	0x7d
 413 00ce 08       		.sleb128 8
 414 00cf 04000000 		.4byte	.LCFI10
 415 00d3 06000000 		.4byte	.LCFI11
 416 00d7 0200     		.2byte	0x2
 417 00d9 7D       		.byte	0x7d
ARM GAS  C:\Users\Kojo\AppData\Local\Temp\ccToyyFd.s 			page 10


 418 00da 18       		.sleb128 24
 419 00db 06000000 		.4byte	.LCFI11
 420 00df 54000000 		.4byte	.LFE33
 421 00e3 0200     		.2byte	0x2
 422 00e5 77       		.byte	0x77
 423 00e6 18       		.sleb128 24
 424 00e7 00000000 		.4byte	0x0
 425 00eb 00000000 		.4byte	0x0
 426              	.LLST5:
 427 00ef 00000000 		.4byte	.LFB34
 428 00f3 02000000 		.4byte	.LCFI12
 429 00f7 0100     		.2byte	0x1
 430 00f9 5D       		.byte	0x5d
 431 00fa 02000000 		.4byte	.LCFI12
 432 00fe 04000000 		.4byte	.LCFI13
 433 0102 0200     		.2byte	0x2
 434 0104 7D       		.byte	0x7d
 435 0105 08       		.sleb128 8
 436 0106 04000000 		.4byte	.LCFI13
 437 010a 06000000 		.4byte	.LCFI14
 438 010e 0200     		.2byte	0x2
 439 0110 7D       		.byte	0x7d
 440 0111 10       		.sleb128 16
 441 0112 06000000 		.4byte	.LCFI14
 442 0116 72000000 		.4byte	.LFE34
 443 011a 0200     		.2byte	0x2
 444 011c 77       		.byte	0x77
 445 011d 10       		.sleb128 16
 446 011e 00000000 		.4byte	0x0
 447 0122 00000000 		.4byte	0x0
 448              		.file 2 "./Generated_Source/PSoC5/cytypes.h"
 449              		.file 3 "./Generated_Source/PSoC5/core_cm3.h"
 450              		.section	.debug_info
 451 0000 90010000 		.4byte	0x190
 452 0004 0200     		.2byte	0x2
 453 0006 00000000 		.4byte	.Ldebug_abbrev0
 454 000a 04       		.byte	0x4
 455 000b 01       		.uleb128 0x1
 456 000c 70000000 		.4byte	.LASF21
 457 0010 01       		.byte	0x1
 458 0011 ED000000 		.4byte	.LASF22
 459 0015 FD000000 		.4byte	.LASF23
 460 0019 00000000 		.4byte	0x0
 461 001d 00000000 		.4byte	0x0
 462 0021 00000000 		.4byte	.Ldebug_ranges0+0x0
 463 0025 00000000 		.4byte	.Ldebug_line0
 464 0029 02       		.uleb128 0x2
 465 002a 01       		.byte	0x1
 466 002b 06       		.byte	0x6
 467 002c E1000000 		.4byte	.LASF0
 468 0030 02       		.uleb128 0x2
 469 0031 01       		.byte	0x1
 470 0032 08       		.byte	0x8
 471 0033 7C000000 		.4byte	.LASF1
 472 0037 02       		.uleb128 0x2
 473 0038 02       		.byte	0x2
 474 0039 05       		.byte	0x5
ARM GAS  C:\Users\Kojo\AppData\Local\Temp\ccToyyFd.s 			page 11


 475 003a A7000000 		.4byte	.LASF2
 476 003e 02       		.uleb128 0x2
 477 003f 02       		.byte	0x2
 478 0040 07       		.byte	0x7
 479 0041 CE000000 		.4byte	.LASF3
 480 0045 02       		.uleb128 0x2
 481 0046 04       		.byte	0x4
 482 0047 05       		.byte	0x5
 483 0048 BB000000 		.4byte	.LASF4
 484 004c 02       		.uleb128 0x2
 485 004d 04       		.byte	0x4
 486 004e 07       		.byte	0x7
 487 004f 42000000 		.4byte	.LASF5
 488 0053 02       		.uleb128 0x2
 489 0054 08       		.byte	0x8
 490 0055 05       		.byte	0x5
 491 0056 00000000 		.4byte	.LASF6
 492 005a 02       		.uleb128 0x2
 493 005b 08       		.byte	0x8
 494 005c 07       		.byte	0x7
 495 005d 59000000 		.4byte	.LASF7
 496 0061 03       		.uleb128 0x3
 497 0062 04       		.byte	0x4
 498 0063 05       		.byte	0x5
 499 0064 696E7400 		.ascii	"int\000"
 500 0068 02       		.uleb128 0x2
 501 0069 04       		.byte	0x4
 502 006a 07       		.byte	0x7
 503 006b 0E000000 		.4byte	.LASF8
 504 006f 02       		.uleb128 0x2
 505 0070 01       		.byte	0x1
 506 0071 08       		.byte	0x8
 507 0072 95000000 		.4byte	.LASF9
 508 0076 04       		.uleb128 0x4
 509 0077 3C000000 		.4byte	.LASF10
 510 007b 02       		.byte	0x2
 511 007c 60       		.byte	0x60
 512 007d 30000000 		.4byte	0x30
 513 0081 04       		.uleb128 0x4
 514 0082 F6000000 		.4byte	.LASF11
 515 0086 02       		.byte	0x2
 516 0087 61       		.byte	0x61
 517 0088 3E000000 		.4byte	0x3e
 518 008c 05       		.uleb128 0x5
 519 008d 04       		.byte	0x4
 520 008e 07       		.byte	0x7
 521 008f 06       		.uleb128 0x6
 522 0090 01       		.byte	0x1
 523 0091 35000000 		.4byte	.LASF15
 524 0095 01       		.byte	0x1
 525 0096 14       		.byte	0x14
 526 0097 01       		.byte	0x1
 527 0098 00000000 		.4byte	.LFB29
 528 009c 1E000000 		.4byte	.LFE29
 529 00a0 00000000 		.4byte	.LLST0
 530 00a4 B7000000 		.4byte	0xb7
 531 00a8 07       		.uleb128 0x7
ARM GAS  C:\Users\Kojo\AppData\Local\Temp\ccToyyFd.s 			page 12


 532 00a9 20000000 		.4byte	.LASF17
 533 00ad 01       		.byte	0x1
 534 00ae 15       		.byte	0x15
 535 00af 76000000 		.4byte	0x76
 536 00b3 02       		.byte	0x2
 537 00b4 91       		.byte	0x91
 538 00b5 77       		.sleb128 -9
 539 00b6 00       		.byte	0x0
 540 00b7 08       		.uleb128 0x8
 541 00b8 01       		.byte	0x1
 542 00b9 1B000000 		.4byte	.LASF12
 543 00bd 01       		.byte	0x1
 544 00be 1A       		.byte	0x1a
 545 00bf 00000000 		.4byte	.LFB30
 546 00c3 40000000 		.4byte	.LFE30
 547 00c7 37000000 		.4byte	.LLST1
 548 00cb 08       		.uleb128 0x8
 549 00cc 01       		.byte	0x1
 550 00cd 54000000 		.4byte	.LASF13
 551 00d1 01       		.byte	0x1
 552 00d2 2F       		.byte	0x2f
 553 00d3 00000000 		.4byte	.LFB31
 554 00d7 16000000 		.4byte	.LFE31
 555 00db 62000000 		.4byte	.LLST2
 556 00df 08       		.uleb128 0x8
 557 00e0 01       		.byte	0x1
 558 00e1 26000000 		.4byte	.LASF14
 559 00e5 01       		.byte	0x1
 560 00e6 35       		.byte	0x35
 561 00e7 00000000 		.4byte	.LFB32
 562 00eb 0E000000 		.4byte	.LFE32
 563 00ef 8D000000 		.4byte	.LLST3
 564 00f3 06       		.uleb128 0x6
 565 00f4 01       		.byte	0x1
 566 00f5 C4000000 		.4byte	.LASF16
 567 00f9 01       		.byte	0x1
 568 00fa 3F       		.byte	0x3f
 569 00fb 01       		.byte	0x1
 570 00fc 00000000 		.4byte	.LFB33
 571 0100 54000000 		.4byte	.LFE33
 572 0104 B8000000 		.4byte	.LLST4
 573 0108 27010000 		.4byte	0x127
 574 010c 09       		.uleb128 0x9
 575 010d 20000000 		.4byte	.LASF17
 576 0111 01       		.byte	0x1
 577 0112 3F       		.byte	0x3f
 578 0113 76000000 		.4byte	0x76
 579 0117 02       		.byte	0x2
 580 0118 91       		.byte	0x91
 581 0119 6F       		.sleb128 -17
 582 011a 0A       		.uleb128 0xa
 583 011b 6900     		.ascii	"i\000"
 584 011d 01       		.byte	0x1
 585 011e 49       		.byte	0x49
 586 011f 61000000 		.4byte	0x61
 587 0123 02       		.byte	0x2
 588 0124 91       		.byte	0x91
ARM GAS  C:\Users\Kojo\AppData\Local\Temp\ccToyyFd.s 			page 13


 589 0125 74       		.sleb128 -12
 590 0126 00       		.byte	0x0
 591 0127 0B       		.uleb128 0xb
 592 0128 01       		.byte	0x1
 593 0129 8A000000 		.4byte	.LASF24
 594 012d 01       		.byte	0x1
 595 012e 53       		.byte	0x53
 596 012f 00000000 		.4byte	.LFB34
 597 0133 72000000 		.4byte	.LFE34
 598 0137 EF000000 		.4byte	.LLST5
 599 013b 4C010000 		.4byte	0x14c
 600 013f 0A       		.uleb128 0xa
 601 0140 6900     		.ascii	"i\000"
 602 0142 01       		.byte	0x1
 603 0143 58       		.byte	0x58
 604 0144 61000000 		.4byte	0x61
 605 0148 02       		.byte	0x2
 606 0149 91       		.byte	0x91
 607 014a 74       		.sleb128 -12
 608 014b 00       		.byte	0x0
 609 014c 0C       		.uleb128 0xc
 610 014d 9A000000 		.4byte	.LASF18
 611 0151 03       		.byte	0x3
 612 0152 CE06     		.2byte	0x6ce
 613 0154 5A010000 		.4byte	0x15a
 614 0158 01       		.byte	0x1
 615 0159 01       		.byte	0x1
 616 015a 0D       		.uleb128 0xd
 617 015b 61000000 		.4byte	0x61
 618 015f 0E       		.uleb128 0xe
 619 0160 2B000000 		.4byte	.LASF19
 620 0164 01       		.byte	0x1
 621 0165 11       		.byte	0x11
 622 0166 81000000 		.4byte	0x81
 623 016a 01       		.byte	0x1
 624 016b 05       		.byte	0x5
 625 016c 03       		.byte	0x3
 626 016d 00000000 		.4byte	adcResult
 627 0171 0F       		.uleb128 0xf
 628 0172 76000000 		.4byte	0x76
 629 0176 81010000 		.4byte	0x181
 630 017a 10       		.uleb128 0x10
 631 017b 8C000000 		.4byte	0x8c
 632 017f 0F       		.byte	0xf
 633 0180 00       		.byte	0x0
 634 0181 0E       		.uleb128 0xe
 635 0182 B1000000 		.4byte	.LASF20
 636 0186 01       		.byte	0x1
 637 0187 12       		.byte	0x12
 638 0188 71010000 		.4byte	0x171
 639 018c 01       		.byte	0x1
 640 018d 05       		.byte	0x5
 641 018e 03       		.byte	0x3
 642 018f 00000000 		.4byte	adcValues
 643 0193 00       		.byte	0x0
 644              		.section	.debug_abbrev
 645 0000 01       		.uleb128 0x1
ARM GAS  C:\Users\Kojo\AppData\Local\Temp\ccToyyFd.s 			page 14


 646 0001 11       		.uleb128 0x11
 647 0002 01       		.byte	0x1
 648 0003 25       		.uleb128 0x25
 649 0004 0E       		.uleb128 0xe
 650 0005 13       		.uleb128 0x13
 651 0006 0B       		.uleb128 0xb
 652 0007 03       		.uleb128 0x3
 653 0008 0E       		.uleb128 0xe
 654 0009 1B       		.uleb128 0x1b
 655 000a 0E       		.uleb128 0xe
 656 000b 11       		.uleb128 0x11
 657 000c 01       		.uleb128 0x1
 658 000d 52       		.uleb128 0x52
 659 000e 01       		.uleb128 0x1
 660 000f 55       		.uleb128 0x55
 661 0010 06       		.uleb128 0x6
 662 0011 10       		.uleb128 0x10
 663 0012 06       		.uleb128 0x6
 664 0013 00       		.byte	0x0
 665 0014 00       		.byte	0x0
 666 0015 02       		.uleb128 0x2
 667 0016 24       		.uleb128 0x24
 668 0017 00       		.byte	0x0
 669 0018 0B       		.uleb128 0xb
 670 0019 0B       		.uleb128 0xb
 671 001a 3E       		.uleb128 0x3e
 672 001b 0B       		.uleb128 0xb
 673 001c 03       		.uleb128 0x3
 674 001d 0E       		.uleb128 0xe
 675 001e 00       		.byte	0x0
 676 001f 00       		.byte	0x0
 677 0020 03       		.uleb128 0x3
 678 0021 24       		.uleb128 0x24
 679 0022 00       		.byte	0x0
 680 0023 0B       		.uleb128 0xb
 681 0024 0B       		.uleb128 0xb
 682 0025 3E       		.uleb128 0x3e
 683 0026 0B       		.uleb128 0xb
 684 0027 03       		.uleb128 0x3
 685 0028 08       		.uleb128 0x8
 686 0029 00       		.byte	0x0
 687 002a 00       		.byte	0x0
 688 002b 04       		.uleb128 0x4
 689 002c 16       		.uleb128 0x16
 690 002d 00       		.byte	0x0
 691 002e 03       		.uleb128 0x3
 692 002f 0E       		.uleb128 0xe
 693 0030 3A       		.uleb128 0x3a
 694 0031 0B       		.uleb128 0xb
 695 0032 3B       		.uleb128 0x3b
 696 0033 0B       		.uleb128 0xb
 697 0034 49       		.uleb128 0x49
 698 0035 13       		.uleb128 0x13
 699 0036 00       		.byte	0x0
 700 0037 00       		.byte	0x0
 701 0038 05       		.uleb128 0x5
 702 0039 24       		.uleb128 0x24
ARM GAS  C:\Users\Kojo\AppData\Local\Temp\ccToyyFd.s 			page 15


 703 003a 00       		.byte	0x0
 704 003b 0B       		.uleb128 0xb
 705 003c 0B       		.uleb128 0xb
 706 003d 3E       		.uleb128 0x3e
 707 003e 0B       		.uleb128 0xb
 708 003f 00       		.byte	0x0
 709 0040 00       		.byte	0x0
 710 0041 06       		.uleb128 0x6
 711 0042 2E       		.uleb128 0x2e
 712 0043 01       		.byte	0x1
 713 0044 3F       		.uleb128 0x3f
 714 0045 0C       		.uleb128 0xc
 715 0046 03       		.uleb128 0x3
 716 0047 0E       		.uleb128 0xe
 717 0048 3A       		.uleb128 0x3a
 718 0049 0B       		.uleb128 0xb
 719 004a 3B       		.uleb128 0x3b
 720 004b 0B       		.uleb128 0xb
 721 004c 27       		.uleb128 0x27
 722 004d 0C       		.uleb128 0xc
 723 004e 11       		.uleb128 0x11
 724 004f 01       		.uleb128 0x1
 725 0050 12       		.uleb128 0x12
 726 0051 01       		.uleb128 0x1
 727 0052 40       		.uleb128 0x40
 728 0053 06       		.uleb128 0x6
 729 0054 01       		.uleb128 0x1
 730 0055 13       		.uleb128 0x13
 731 0056 00       		.byte	0x0
 732 0057 00       		.byte	0x0
 733 0058 07       		.uleb128 0x7
 734 0059 34       		.uleb128 0x34
 735 005a 00       		.byte	0x0
 736 005b 03       		.uleb128 0x3
 737 005c 0E       		.uleb128 0xe
 738 005d 3A       		.uleb128 0x3a
 739 005e 0B       		.uleb128 0xb
 740 005f 3B       		.uleb128 0x3b
 741 0060 0B       		.uleb128 0xb
 742 0061 49       		.uleb128 0x49
 743 0062 13       		.uleb128 0x13
 744 0063 02       		.uleb128 0x2
 745 0064 0A       		.uleb128 0xa
 746 0065 00       		.byte	0x0
 747 0066 00       		.byte	0x0
 748 0067 08       		.uleb128 0x8
 749 0068 2E       		.uleb128 0x2e
 750 0069 00       		.byte	0x0
 751 006a 3F       		.uleb128 0x3f
 752 006b 0C       		.uleb128 0xc
 753 006c 03       		.uleb128 0x3
 754 006d 0E       		.uleb128 0xe
 755 006e 3A       		.uleb128 0x3a
 756 006f 0B       		.uleb128 0xb
 757 0070 3B       		.uleb128 0x3b
 758 0071 0B       		.uleb128 0xb
 759 0072 11       		.uleb128 0x11
ARM GAS  C:\Users\Kojo\AppData\Local\Temp\ccToyyFd.s 			page 16


 760 0073 01       		.uleb128 0x1
 761 0074 12       		.uleb128 0x12
 762 0075 01       		.uleb128 0x1
 763 0076 40       		.uleb128 0x40
 764 0077 06       		.uleb128 0x6
 765 0078 00       		.byte	0x0
 766 0079 00       		.byte	0x0
 767 007a 09       		.uleb128 0x9
 768 007b 05       		.uleb128 0x5
 769 007c 00       		.byte	0x0
 770 007d 03       		.uleb128 0x3
 771 007e 0E       		.uleb128 0xe
 772 007f 3A       		.uleb128 0x3a
 773 0080 0B       		.uleb128 0xb
 774 0081 3B       		.uleb128 0x3b
 775 0082 0B       		.uleb128 0xb
 776 0083 49       		.uleb128 0x49
 777 0084 13       		.uleb128 0x13
 778 0085 02       		.uleb128 0x2
 779 0086 0A       		.uleb128 0xa
 780 0087 00       		.byte	0x0
 781 0088 00       		.byte	0x0
 782 0089 0A       		.uleb128 0xa
 783 008a 34       		.uleb128 0x34
 784 008b 00       		.byte	0x0
 785 008c 03       		.uleb128 0x3
 786 008d 08       		.uleb128 0x8
 787 008e 3A       		.uleb128 0x3a
 788 008f 0B       		.uleb128 0xb
 789 0090 3B       		.uleb128 0x3b
 790 0091 0B       		.uleb128 0xb
 791 0092 49       		.uleb128 0x49
 792 0093 13       		.uleb128 0x13
 793 0094 02       		.uleb128 0x2
 794 0095 0A       		.uleb128 0xa
 795 0096 00       		.byte	0x0
 796 0097 00       		.byte	0x0
 797 0098 0B       		.uleb128 0xb
 798 0099 2E       		.uleb128 0x2e
 799 009a 01       		.byte	0x1
 800 009b 3F       		.uleb128 0x3f
 801 009c 0C       		.uleb128 0xc
 802 009d 03       		.uleb128 0x3
 803 009e 0E       		.uleb128 0xe
 804 009f 3A       		.uleb128 0x3a
 805 00a0 0B       		.uleb128 0xb
 806 00a1 3B       		.uleb128 0x3b
 807 00a2 0B       		.uleb128 0xb
 808 00a3 11       		.uleb128 0x11
 809 00a4 01       		.uleb128 0x1
 810 00a5 12       		.uleb128 0x12
 811 00a6 01       		.uleb128 0x1
 812 00a7 40       		.uleb128 0x40
 813 00a8 06       		.uleb128 0x6
 814 00a9 01       		.uleb128 0x1
 815 00aa 13       		.uleb128 0x13
 816 00ab 00       		.byte	0x0
ARM GAS  C:\Users\Kojo\AppData\Local\Temp\ccToyyFd.s 			page 17


 817 00ac 00       		.byte	0x0
 818 00ad 0C       		.uleb128 0xc
 819 00ae 34       		.uleb128 0x34
 820 00af 00       		.byte	0x0
 821 00b0 03       		.uleb128 0x3
 822 00b1 0E       		.uleb128 0xe
 823 00b2 3A       		.uleb128 0x3a
 824 00b3 0B       		.uleb128 0xb
 825 00b4 3B       		.uleb128 0x3b
 826 00b5 05       		.uleb128 0x5
 827 00b6 49       		.uleb128 0x49
 828 00b7 13       		.uleb128 0x13
 829 00b8 3F       		.uleb128 0x3f
 830 00b9 0C       		.uleb128 0xc
 831 00ba 3C       		.uleb128 0x3c
 832 00bb 0C       		.uleb128 0xc
 833 00bc 00       		.byte	0x0
 834 00bd 00       		.byte	0x0
 835 00be 0D       		.uleb128 0xd
 836 00bf 35       		.uleb128 0x35
 837 00c0 00       		.byte	0x0
 838 00c1 49       		.uleb128 0x49
 839 00c2 13       		.uleb128 0x13
 840 00c3 00       		.byte	0x0
 841 00c4 00       		.byte	0x0
 842 00c5 0E       		.uleb128 0xe
 843 00c6 34       		.uleb128 0x34
 844 00c7 00       		.byte	0x0
 845 00c8 03       		.uleb128 0x3
 846 00c9 0E       		.uleb128 0xe
 847 00ca 3A       		.uleb128 0x3a
 848 00cb 0B       		.uleb128 0xb
 849 00cc 3B       		.uleb128 0x3b
 850 00cd 0B       		.uleb128 0xb
 851 00ce 49       		.uleb128 0x49
 852 00cf 13       		.uleb128 0x13
 853 00d0 3F       		.uleb128 0x3f
 854 00d1 0C       		.uleb128 0xc
 855 00d2 02       		.uleb128 0x2
 856 00d3 0A       		.uleb128 0xa
 857 00d4 00       		.byte	0x0
 858 00d5 00       		.byte	0x0
 859 00d6 0F       		.uleb128 0xf
 860 00d7 01       		.uleb128 0x1
 861 00d8 01       		.byte	0x1
 862 00d9 49       		.uleb128 0x49
 863 00da 13       		.uleb128 0x13
 864 00db 01       		.uleb128 0x1
 865 00dc 13       		.uleb128 0x13
 866 00dd 00       		.byte	0x0
 867 00de 00       		.byte	0x0
 868 00df 10       		.uleb128 0x10
 869 00e0 21       		.uleb128 0x21
 870 00e1 00       		.byte	0x0
 871 00e2 49       		.uleb128 0x49
 872 00e3 13       		.uleb128 0x13
 873 00e4 2F       		.uleb128 0x2f
ARM GAS  C:\Users\Kojo\AppData\Local\Temp\ccToyyFd.s 			page 18


 874 00e5 0B       		.uleb128 0xb
 875 00e6 00       		.byte	0x0
 876 00e7 00       		.byte	0x0
 877 00e8 00       		.byte	0x0
 878              		.section	.debug_pubnames,"",%progbits
 879 0000 6D000000 		.4byte	0x6d
 880 0004 0200     		.2byte	0x2
 881 0006 00000000 		.4byte	.Ldebug_info0
 882 000a 94010000 		.4byte	0x194
 883 000e 8F000000 		.4byte	0x8f
 884 0012 52585F49 		.ascii	"RX_INT\000"
 884      4E5400
 885 0019 B7000000 		.4byte	0xb7
 886 001d 696E6974 		.ascii	"init\000"
 886      00
 887 0022 CB000000 		.4byte	0xcb
 888 0026 63726C66 		.ascii	"crlf\000"
 888      00
 889 002b DF000000 		.4byte	0xdf
 890 002f 6D61696E 		.ascii	"main\000"
 890      00
 891 0034 F3000000 		.4byte	0xf3
 892 0038 70726F63 		.ascii	"processRX\000"
 892      65737352 
 892      5800
 893 0042 27010000 		.4byte	0x127
 894 0046 70726F63 		.ascii	"processMat\000"
 894      6573734D 
 894      617400
 895 0051 5F010000 		.4byte	0x15f
 896 0055 61646352 		.ascii	"adcResult\000"
 896      6573756C 
 896      7400
 897 005f 81010000 		.4byte	0x181
 898 0063 61646356 		.ascii	"adcValues\000"
 898      616C7565 
 898      7300
 899 006d 00000000 		.4byte	0x0
 900              		.section	.debug_aranges,"",%progbits
 901 0000 44000000 		.4byte	0x44
 902 0004 0200     		.2byte	0x2
 903 0006 00000000 		.4byte	.Ldebug_info0
 904 000a 04       		.byte	0x4
 905 000b 00       		.byte	0x0
 906 000c 0000     		.2byte	0x0
 907 000e 0000     		.2byte	0x0
 908 0010 00000000 		.4byte	.LFB29
 909 0014 1E000000 		.4byte	.LFE29-.LFB29
 910 0018 00000000 		.4byte	.LFB30
 911 001c 40000000 		.4byte	.LFE30-.LFB30
 912 0020 00000000 		.4byte	.LFB31
 913 0024 16000000 		.4byte	.LFE31-.LFB31
 914 0028 00000000 		.4byte	.LFB32
 915 002c 0E000000 		.4byte	.LFE32-.LFB32
 916 0030 00000000 		.4byte	.LFB33
 917 0034 54000000 		.4byte	.LFE33-.LFB33
 918 0038 00000000 		.4byte	.LFB34
ARM GAS  C:\Users\Kojo\AppData\Local\Temp\ccToyyFd.s 			page 19


 919 003c 72000000 		.4byte	.LFE34-.LFB34
 920 0040 00000000 		.4byte	0x0
 921 0044 00000000 		.4byte	0x0
 922              		.section	.debug_ranges,"",%progbits
 923              	.Ldebug_ranges0:
 924 0000 00000000 		.4byte	.Ltext0
 925 0004 00000000 		.4byte	.Letext0
 926 0008 00000000 		.4byte	.LFB29
 927 000c 1E000000 		.4byte	.LFE29
 928 0010 00000000 		.4byte	.LFB30
 929 0014 40000000 		.4byte	.LFE30
 930 0018 00000000 		.4byte	.LFB31
 931 001c 16000000 		.4byte	.LFE31
 932 0020 00000000 		.4byte	.LFB32
 933 0024 0E000000 		.4byte	.LFE32
 934 0028 00000000 		.4byte	.LFB33
 935 002c 54000000 		.4byte	.LFE33
 936 0030 00000000 		.4byte	.LFB34
 937 0034 72000000 		.4byte	.LFE34
 938 0038 00000000 		.4byte	0x0
 939 003c 00000000 		.4byte	0x0
 940              		.section	.debug_str,"MS",%progbits,1
 941              	.LASF6:
 942 0000 6C6F6E67 		.ascii	"long long int\000"
 942      206C6F6E 
 942      6720696E 
 942      7400
 943              	.LASF8:
 944 000e 756E7369 		.ascii	"unsigned int\000"
 944      676E6564 
 944      20696E74 
 944      00
 945              	.LASF12:
 946 001b 696E6974 		.ascii	"init\000"
 946      00
 947              	.LASF17:
 948 0020 696E7075 		.ascii	"input\000"
 948      7400
 949              	.LASF14:
 950 0026 6D61696E 		.ascii	"main\000"
 950      00
 951              	.LASF19:
 952 002b 61646352 		.ascii	"adcResult\000"
 952      6573756C 
 952      7400
 953              	.LASF15:
 954 0035 52585F49 		.ascii	"RX_INT\000"
 954      4E5400
 955              	.LASF10:
 956 003c 75696E74 		.ascii	"uint8\000"
 956      3800
 957              	.LASF5:
 958 0042 6C6F6E67 		.ascii	"long unsigned int\000"
 958      20756E73 
 958      69676E65 
 958      6420696E 
 958      7400
ARM GAS  C:\Users\Kojo\AppData\Local\Temp\ccToyyFd.s 			page 20


 959              	.LASF13:
 960 0054 63726C66 		.ascii	"crlf\000"
 960      00
 961              	.LASF7:
 962 0059 6C6F6E67 		.ascii	"long long unsigned int\000"
 962      206C6F6E 
 962      6720756E 
 962      7369676E 
 962      65642069 
 963              	.LASF21:
 964 0070 474E5520 		.ascii	"GNU C 4.4.1\000"
 964      4320342E 
 964      342E3100 
 965              	.LASF1:
 966 007c 756E7369 		.ascii	"unsigned char\000"
 966      676E6564 
 966      20636861 
 966      7200
 967              	.LASF24:
 968 008a 70726F63 		.ascii	"processMat\000"
 968      6573734D 
 968      617400
 969              	.LASF9:
 970 0095 63686172 		.ascii	"char\000"
 970      00
 971              	.LASF18:
 972 009a 49544D5F 		.ascii	"ITM_RxBuffer\000"
 972      52784275 
 972      66666572 
 972      00
 973              	.LASF2:
 974 00a7 73686F72 		.ascii	"short int\000"
 974      7420696E 
 974      7400
 975              	.LASF20:
 976 00b1 61646356 		.ascii	"adcValues\000"
 976      616C7565 
 976      7300
 977              	.LASF4:
 978 00bb 6C6F6E67 		.ascii	"long int\000"
 978      20696E74 
 978      00
 979              	.LASF16:
 980 00c4 70726F63 		.ascii	"processRX\000"
 980      65737352 
 980      5800
 981              	.LASF3:
 982 00ce 73686F72 		.ascii	"short unsigned int\000"
 982      7420756E 
 982      7369676E 
 982      65642069 
 982      6E7400
 983              	.LASF0:
 984 00e1 7369676E 		.ascii	"signed char\000"
 984      65642063 
 984      68617200 
 985              	.LASF22:
ARM GAS  C:\Users\Kojo\AppData\Local\Temp\ccToyyFd.s 			page 21


 986 00ed 2E5C6D61 		.ascii	".\\main.c\000"
 986      696E2E63 
 986      00
 987              	.LASF11:
 988 00f6 75696E74 		.ascii	"uint16\000"
 988      313600
 989              	.LASF23:
 990 00fd 433A5C55 		.ascii	"C:\\Users\\Kojo\\Code\\GlowProcessing\\Glow.cydsn\000"
 990      73657273 
 990      5C4B6F6A 
 990      6F5C436F 
 990      64655C47 
 991              		.ident	"GCC: (Sourcery G++ Lite 2010q1-188) 4.4.1"
